{"/workspaces/crm-b2b/js/common.js": {"path":"/workspaces/crm-b2b/js/common.js","statementMap":{"0":{"start":{"line":2,"column":15},"end":{"line":2,"column":96}},"1":{"start":{"line":3,"column":18},"end":{"line":3,"column":88}},"2":{"start":{"line":4,"column":23},"end":{"line":4,"column":54}},"3":{"start":{"line":5,"column":15},"end":{"line":5,"column":27}},"4":{"start":{"line":6,"column":18},"end":{"line":6,"column":36}},"5":{"start":{"line":9,"column":26},"end":{"line":40,"column":1}},"6":{"start":{"line":44,"column":12},"end":{"line":44,"column":40}},"7":{"start":{"line":45,"column":2},"end":{"line":50,"column":3}},"8":{"start":{"line":46,"column":19},"end":{"line":46,"column":34}},"9":{"start":{"line":47,"column":4},"end":{"line":47,"column":31}},"10":{"start":{"line":48,"column":4},"end":{"line":48,"column":57}},"11":{"start":{"line":49,"column":4},"end":{"line":49,"column":18}},"12":{"start":{"line":52,"column":23},"end":{"line":60,"column":3}},"13":{"start":{"line":62,"column":2},"end":{"line":62,"column":61}},"14":{"start":{"line":63,"column":2},"end":{"line":63,"column":22}},"15":{"start":{"line":67,"column":2},"end":{"line":67,"column":54}},"16":{"start":{"line":68,"column":2},"end":{"line":72,"column":3}},"17":{"start":{"line":69,"column":4},"end":{"line":69,"column":78}},"18":{"start":{"line":76,"column":12},"end":{"line":76,"column":44}},"19":{"start":{"line":77,"column":2},"end":{"line":77,"column":22}},"20":{"start":{"line":78,"column":2},"end":{"line":78,"column":26}},"21":{"start":{"line":79,"column":2},"end":{"line":79,"column":53}},"22":{"start":{"line":79,"column":19},"end":{"line":79,"column":45}},"23":{"start":{"line":85,"column":2},"end":{"line":85,"column":15}},"24":{"start":{"line":89,"column":2},"end":{"line":102,"column":3}},"25":{"start":{"line":90,"column":17},"end":{"line":90,"column":41}},"26":{"start":{"line":91,"column":4},"end":{"line":97,"column":5}},"27":{"start":{"line":92,"column":6},"end":{"line":92,"column":33}},"28":{"start":{"line":93,"column":6},"end":{"line":93,"column":46}},"29":{"start":{"line":95,"column":6},"end":{"line":95,"column":36}},"30":{"start":{"line":96,"column":6},"end":{"line":96,"column":47}},"31":{"start":{"line":98,"column":16},"end":{"line":98,"column":57}},"32":{"start":{"line":99,"column":4},"end":{"line":99,"column":71}},"33":{"start":{"line":99,"column":13},"end":{"line":99,"column":71}},"34":{"start":{"line":101,"column":4},"end":{"line":101,"column":59}},"35":{"start":{"line":106,"column":15},"end":{"line":106,"column":32}},"36":{"start":{"line":107,"column":2},"end":{"line":113,"column":5}},"37":{"start":{"line":117,"column":14},"end":{"line":117,"column":15}},"38":{"start":{"line":118,"column":2},"end":{"line":118,"column":58}},"39":{"start":{"line":118,"column":46},"end":{"line":118,"column":58}},"40":{"start":{"line":119,"column":2},"end":{"line":119,"column":53}},"41":{"start":{"line":119,"column":41},"end":{"line":119,"column":53}},"42":{"start":{"line":120,"column":2},"end":{"line":120,"column":47}},"43":{"start":{"line":120,"column":36},"end":{"line":120,"column":47}},"44":{"start":{"line":121,"column":2},"end":{"line":121,"column":49}},"45":{"start":{"line":121,"column":38},"end":{"line":121,"column":49}},"46":{"start":{"line":122,"column":2},"end":{"line":122,"column":15}},"47":{"start":{"line":130,"column":2},"end":{"line":130,"column":45}},"48":{"start":{"line":130,"column":24},"end":{"line":130,"column":45}},"49":{"start":{"line":132,"column":2},"end":{"line":134,"column":3}},"50":{"start":{"line":133,"column":4},"end":{"line":133,"column":64}},"51":{"start":{"line":136,"column":18},"end":{"line":143,"column":5}},"52":{"start":{"line":137,"column":6},"end":{"line":140,"column":7}},"53":{"start":{"line":138,"column":23},"end":{"line":138,"column":82}},"54":{"start":{"line":139,"column":8},"end":{"line":139,"column":75}},"55":{"start":{"line":141,"column":6},"end":{"line":141,"column":78}},"56":{"start":{"line":141,"column":65},"end":{"line":141,"column":78}},"57":{"start":{"line":142,"column":6},"end":{"line":142,"column":55}},"58":{"start":{"line":145,"column":24},"end":{"line":149,"column":5}},"59":{"start":{"line":146,"column":18},"end":{"line":146,"column":32}},"60":{"start":{"line":147,"column":6},"end":{"line":147,"column":88}},"61":{"start":{"line":147,"column":29},"end":{"line":147,"column":88}},"62":{"start":{"line":148,"column":6},"end":{"line":148,"column":29}},"63":{"start":{"line":151,"column":4},"end":{"line":158,"column":7}},"64":{"start":{"line":152,"column":6},"end":{"line":152,"column":36}},"65":{"start":{"line":152,"column":29},"end":{"line":152,"column":36}},"66":{"start":{"line":153,"column":6},"end":{"line":156,"column":7}},"67":{"start":{"line":155,"column":8},"end":{"line":155,"column":62}},"68":{"start":{"line":157,"column":6},"end":{"line":157,"column":63}}},"fnMap":{"0":{"name":"getState","decl":{"start":{"line":43,"column":16},"end":{"line":43,"column":24}},"loc":{"start":{"line":43,"column":27},"end":{"line":64,"column":1}},"line":43},"1":{"name":"setState","decl":{"start":{"line":66,"column":16},"end":{"line":66,"column":24}},"loc":{"start":{"line":66,"column":32},"end":{"line":73,"column":1}},"line":66},"2":{"name":"showToast","decl":{"start":{"line":75,"column":16},"end":{"line":75,"column":25}},"loc":{"start":{"line":75,"column":31},"end":{"line":80,"column":1}},"line":75},"3":{"name":"(anonymous_3)","decl":{"start":{"line":79,"column":13},"end":{"line":79,"column":14}},"loc":{"start":{"line":79,"column":19},"end":{"line":79,"column":45}},"line":79},"4":{"name":"isDarkMode","decl":{"start":{"line":83,"column":16},"end":{"line":83,"column":26}},"loc":{"start":{"line":83,"column":29},"end":{"line":86,"column":1}},"line":83},"5":{"name":"applyTheme","decl":{"start":{"line":88,"column":16},"end":{"line":88,"column":26}},"loc":{"start":{"line":88,"column":33},"end":{"line":103,"column":1}},"line":88},"6":{"name":"formatDate","decl":{"start":{"line":105,"column":16},"end":{"line":105,"column":26}},"loc":{"start":{"line":105,"column":36},"end":{"line":114,"column":1}},"line":105},"7":{"name":"scoreICP","decl":{"start":{"line":116,"column":16},"end":{"line":116,"column":24}},"loc":{"start":{"line":116,"column":31},"end":{"line":123,"column":1}},"line":116},"8":{"name":"normalizeTemplates","decl":{"start":{"line":129,"column":9},"end":{"line":129,"column":27}},"loc":{"start":{"line":129,"column":35},"end":{"line":159,"column":1}},"line":129},"9":{"name":"(anonymous_9)","decl":{"start":{"line":136,"column":18},"end":{"line":136,"column":19}},"loc":{"start":{"line":136,"column":34},"end":{"line":143,"column":5}},"line":136},"10":{"name":"(anonymous_10)","decl":{"start":{"line":145,"column":24},"end":{"line":145,"column":25}},"loc":{"start":{"line":145,"column":33},"end":{"line":149,"column":5}},"line":145},"11":{"name":"(anonymous_11)","decl":{"start":{"line":151,"column":43},"end":{"line":151,"column":44}},"loc":{"start":{"line":151,"column":50},"end":{"line":158,"column":5}},"line":151}},"branchMap":{"0":{"loc":{"start":{"line":45,"column":2},"end":{"line":50,"column":3}},"type":"if","locations":[{"start":{"line":45,"column":2},"end":{"line":50,"column":3}},{"start":{},"end":{}}],"line":45},"1":{"loc":{"start":{"line":91,"column":4},"end":{"line":97,"column":5}},"type":"if","locations":[{"start":{"line":91,"column":4},"end":{"line":97,"column":5}},{"start":{"line":94,"column":11},"end":{"line":97,"column":5}}],"line":91},"2":{"loc":{"start":{"line":99,"column":4},"end":{"line":99,"column":71}},"type":"if","locations":[{"start":{"line":99,"column":4},"end":{"line":99,"column":71}},{"start":{},"end":{}}],"line":99},"3":{"loc":{"start":{"line":99,"column":46},"end":{"line":99,"column":69}},"type":"cond-expr","locations":[{"start":{"line":99,"column":53},"end":{"line":99,"column":59}},{"start":{"line":99,"column":62},"end":{"line":99,"column":69}}],"line":99},"4":{"loc":{"start":{"line":118,"column":2},"end":{"line":118,"column":58}},"type":"if","locations":[{"start":{"line":118,"column":2},"end":{"line":118,"column":58}},{"start":{},"end":{}}],"line":118},"5":{"loc":{"start":{"line":119,"column":2},"end":{"line":119,"column":53}},"type":"if","locations":[{"start":{"line":119,"column":2},"end":{"line":119,"column":53}},{"start":{},"end":{}}],"line":119},"6":{"loc":{"start":{"line":120,"column":2},"end":{"line":120,"column":47}},"type":"if","locations":[{"start":{"line":120,"column":2},"end":{"line":120,"column":47}},{"start":{},"end":{}}],"line":120},"7":{"loc":{"start":{"line":120,"column":6},"end":{"line":120,"column":34}},"type":"binary-expr","locations":[{"start":{"line":120,"column":6},"end":{"line":120,"column":15}},{"start":{"line":120,"column":19},"end":{"line":120,"column":34}}],"line":120},"8":{"loc":{"start":{"line":121,"column":2},"end":{"line":121,"column":49}},"type":"if","locations":[{"start":{"line":121,"column":2},"end":{"line":121,"column":49}},{"start":{},"end":{}}],"line":121},"9":{"loc":{"start":{"line":130,"column":2},"end":{"line":130,"column":45}},"type":"if","locations":[{"start":{"line":130,"column":2},"end":{"line":130,"column":45}},{"start":{},"end":{}}],"line":130},"10":{"loc":{"start":{"line":132,"column":2},"end":{"line":134,"column":3}},"type":"if","locations":[{"start":{"line":132,"column":2},"end":{"line":134,"column":3}},{"start":{},"end":{}}],"line":132},"11":{"loc":{"start":{"line":132,"column":6},"end":{"line":132,"column":85}},"type":"binary-expr","locations":[{"start":{"line":132,"column":6},"end":{"line":132,"column":45}},{"start":{"line":132,"column":49},"end":{"line":132,"column":85}}],"line":132},"12":{"loc":{"start":{"line":137,"column":6},"end":{"line":140,"column":7}},"type":"if","locations":[{"start":{"line":137,"column":6},"end":{"line":140,"column":7}},{"start":{},"end":{}}],"line":137},"13":{"loc":{"start":{"line":139,"column":24},"end":{"line":139,"column":59}},"type":"binary-expr","locations":[{"start":{"line":139,"column":24},"end":{"line":139,"column":35}},{"start":{"line":139,"column":39},"end":{"line":139,"column":59}}],"line":139},"14":{"loc":{"start":{"line":141,"column":6},"end":{"line":141,"column":78}},"type":"if","locations":[{"start":{"line":141,"column":6},"end":{"line":141,"column":78}},{"start":{},"end":{}}],"line":141},"15":{"loc":{"start":{"line":141,"column":10},"end":{"line":141,"column":63}},"type":"binary-expr","locations":[{"start":{"line":141,"column":10},"end":{"line":141,"column":15}},{"start":{"line":141,"column":19},"end":{"line":141,"column":44}},{"start":{"line":141,"column":48},"end":{"line":141,"column":63}}],"line":141},"16":{"loc":{"start":{"line":152,"column":6},"end":{"line":152,"column":36}},"type":"if","locations":[{"start":{"line":152,"column":6},"end":{"line":152,"column":36}},{"start":{},"end":{}}],"line":152},"17":{"loc":{"start":{"line":153,"column":6},"end":{"line":156,"column":7}},"type":"if","locations":[{"start":{"line":153,"column":6},"end":{"line":156,"column":7}},{"start":{},"end":{}}],"line":153},"18":{"loc":{"start":{"line":153,"column":10},"end":{"line":153,"column":83}},"type":"binary-expr","locations":[{"start":{"line":153,"column":10},"end":{"line":153,"column":46}},{"start":{"line":153,"column":50},"end":{"line":153,"column":83}}],"line":153}},"s":{"0":0,"1":0,"2":0,"3":0,"4":0,"5":0,"6":0,"7":0,"8":0,"9":0,"10":0,"11":0,"12":0,"13":0,"14":0,"15":0,"16":0,"17":0,"18":0,"19":0,"20":0,"21":0,"22":0,"23":0,"24":0,"25":0,"26":0,"27":0,"28":0,"29":0,"30":0,"31":0,"32":0,"33":0,"34":0,"35":0,"36":0,"37":0,"38":0,"39":0,"40":0,"41":0,"42":0,"43":0,"44":0,"45":0,"46":0,"47":0,"48":0,"49":0,"50":0,"51":0,"52":0,"53":0,"54":0,"55":0,"56":0,"57":0,"58":0,"59":0,"60":0,"61":0,"62":0,"63":0,"64":0,"65":0,"66":0,"67":0,"68":0},"f":{"0":0,"1":0,"2":0,"3":0,"4":0,"5":0,"6":0,"7":0,"8":0,"9":0,"10":0,"11":0},"b":{"0":[0,0],"1":[0,0],"2":[0,0],"3":[0,0],"4":[0,0],"5":[0,0],"6":[0,0],"7":[0,0],"8":[0,0],"9":[0,0],"10":[0,0],"11":[0,0],"12":[0,0],"13":[0,0],"14":[0,0],"15":[0,0,0],"16":[0,0],"17":[0,0],"18":[0,0]}}
,"/workspaces/crm-b2b/js/events.js": {"path":"/workspaces/crm-b2b/js/events.js","statementMap":{"0":{"start":{"line":12,"column":2},"end":{"line":16,"column":5}},"1":{"start":{"line":13,"column":4},"end":{"line":15,"column":7}},"2":{"start":{"line":14,"column":6},"end":{"line":14,"column":31}},"3":{"start":{"line":19,"column":2},"end":{"line":19,"column":14}},"4":{"start":{"line":20,"column":2},"end":{"line":20,"column":17}},"5":{"start":{"line":21,"column":2},"end":{"line":21,"column":18}},"6":{"start":{"line":22,"column":2},"end":{"line":22,"column":18}},"7":{"start":{"line":23,"column":2},"end":{"line":23,"column":15}}},"fnMap":{"0":{"name":"initEventListeners","decl":{"start":{"line":10,"column":16},"end":{"line":10,"column":34}},"loc":{"start":{"line":10,"column":37},"end":{"line":24,"column":1}},"line":10},"1":{"name":"(anonymous_1)","decl":{"start":{"line":12,"column":48},"end":{"line":12,"column":49}},"loc":{"start":{"line":12,"column":55},"end":{"line":16,"column":3}},"line":12},"2":{"name":"(anonymous_2)","decl":{"start":{"line":13,"column":34},"end":{"line":13,"column":35}},"loc":{"start":{"line":13,"column":40},"end":{"line":15,"column":5}},"line":13}},"branchMap":{},"s":{"0":0,"1":0,"2":0,"3":0,"4":0,"5":0,"6":0,"7":0},"f":{"0":0,"1":0,"2":0},"b":{}}
,"/workspaces/crm-b2b/js/import.js": {"path":"/workspaces/crm-b2b/js/import.js","statementMap":{"0":{"start":{"line":5,"column":17},"end":{"line":5,"column":33}},"1":{"start":{"line":6,"column":2},"end":{"line":37,"column":4}},"2":{"start":{"line":7,"column":20},"end":{"line":7,"column":35}},"3":{"start":{"line":8,"column":18},"end":{"line":8,"column":37}},"4":{"start":{"line":9,"column":20},"end":{"line":9,"column":58}},"5":{"start":{"line":9,"column":49},"end":{"line":9,"column":57}},"6":{"start":{"line":11,"column":18},"end":{"line":20,"column":8}},"7":{"start":{"line":12,"column":22},"end":{"line":12,"column":33}},"8":{"start":{"line":14,"column":23},"end":{"line":14,"column":57}},"9":{"start":{"line":14,"column":48},"end":{"line":14,"column":56}},"10":{"start":{"line":15,"column":20},"end":{"line":15,"column":22}},"11":{"start":{"line":16,"column":8},"end":{"line":18,"column":11}},"12":{"start":{"line":17,"column":10},"end":{"line":17,"column":40}},"13":{"start":{"line":19,"column":8},"end":{"line":19,"column":19}},"14":{"start":{"line":22,"column":4},"end":{"line":25,"column":5}},"15":{"start":{"line":23,"column":6},"end":{"line":23,"column":66}},"16":{"start":{"line":24,"column":6},"end":{"line":24,"column":13}},"17":{"start":{"line":27,"column":18},"end":{"line":27,"column":28}},"18":{"start":{"line":28,"column":4},"end":{"line":32,"column":7}},"19":{"start":{"line":29,"column":6},"end":{"line":31,"column":7}},"20":{"start":{"line":29,"column":33},"end":{"line":29,"column":67}},"21":{"start":{"line":30,"column":8},"end":{"line":30,"column":31}},"22":{"start":{"line":34,"column":4},"end":{"line":34,"column":20}},"23":{"start":{"line":35,"column":4},"end":{"line":35,"column":18}},"24":{"start":{"line":36,"column":4},"end":{"line":36,"column":50}},"25":{"start":{"line":38,"column":2},"end":{"line":38,"column":26}},"26":{"start":{"line":42,"column":16},"end":{"line":42,"column":26}},"27":{"start":{"line":43,"column":18},"end":{"line":43,"column":118}},"28":{"start":{"line":44,"column":21},"end":{"line":49,"column":14}},"29":{"start":{"line":47,"column":6},"end":{"line":47,"column":63}},"30":{"start":{"line":47,"column":23},"end":{"line":47,"column":52}},"31":{"start":{"line":51,"column":15},"end":{"line":51,"column":74}},"32":{"start":{"line":52,"column":15},"end":{"line":52,"column":42}},"33":{"start":{"line":53,"column":2},"end":{"line":53,"column":40}},"34":{"start":{"line":54,"column":2},"end":{"line":54,"column":30}},"35":{"start":{"line":55,"column":2},"end":{"line":55,"column":15}},"36":{"start":{"line":60,"column":2},"end":{"line":67,"column":5}},"37":{"start":{"line":61,"column":17},"end":{"line":61,"column":61}},"38":{"start":{"line":62,"column":4},"end":{"line":66,"column":5}},"39":{"start":{"line":63,"column":6},"end":{"line":63,"column":24}},"40":{"start":{"line":65,"column":6},"end":{"line":65,"column":54}},"41":{"start":{"line":69,"column":2},"end":{"line":69,"column":79}},"42":{"start":{"line":73,"column":0},"end":{"line":73,"column":33}},"43":{"start":{"line":74,"column":0},"end":{"line":74,"column":33}}},"fnMap":{"0":{"name":"importLeads","decl":{"start":{"line":4,"column":16},"end":{"line":4,"column":27}},"loc":{"start":{"line":4,"column":34},"end":{"line":39,"column":1}},"line":4},"1":{"name":"(anonymous_1)","decl":{"start":{"line":6,"column":18},"end":{"line":6,"column":19}},"loc":{"start":{"line":6,"column":25},"end":{"line":37,"column":3}},"line":6},"2":{"name":"(anonymous_2)","decl":{"start":{"line":9,"column":44},"end":{"line":9,"column":45}},"loc":{"start":{"line":9,"column":49},"end":{"line":9,"column":57}},"line":9},"3":{"name":"(anonymous_3)","decl":{"start":{"line":12,"column":14},"end":{"line":12,"column":15}},"loc":{"start":{"line":12,"column":22},"end":{"line":12,"column":33}},"line":12},"4":{"name":"(anonymous_4)","decl":{"start":{"line":13,"column":11},"end":{"line":13,"column":12}},"loc":{"start":{"line":13,"column":19},"end":{"line":20,"column":7}},"line":13},"5":{"name":"(anonymous_5)","decl":{"start":{"line":14,"column":43},"end":{"line":14,"column":44}},"loc":{"start":{"line":14,"column":48},"end":{"line":14,"column":56}},"line":14},"6":{"name":"(anonymous_6)","decl":{"start":{"line":16,"column":24},"end":{"line":16,"column":25}},"loc":{"start":{"line":16,"column":39},"end":{"line":18,"column":9}},"line":16},"7":{"name":"(anonymous_7)","decl":{"start":{"line":28,"column":18},"end":{"line":28,"column":19}},"loc":{"start":{"line":28,"column":26},"end":{"line":32,"column":5}},"line":28},"8":{"name":"(anonymous_8)","decl":{"start":{"line":29,"column":28},"end":{"line":29,"column":29}},"loc":{"start":{"line":29,"column":33},"end":{"line":29,"column":67}},"line":29},"9":{"name":"exportLeads","decl":{"start":{"line":41,"column":16},"end":{"line":41,"column":27}},"loc":{"start":{"line":41,"column":30},"end":{"line":56,"column":1}},"line":41},"10":{"name":"(anonymous_10)","decl":{"start":{"line":46,"column":23},"end":{"line":46,"column":24}},"loc":{"start":{"line":47,"column":6},"end":{"line":47,"column":63}},"line":47},"11":{"name":"(anonymous_11)","decl":{"start":{"line":47,"column":18},"end":{"line":47,"column":19}},"loc":{"start":{"line":47,"column":23},"end":{"line":47,"column":52}},"line":47},"12":{"name":"initImport","decl":{"start":{"line":58,"column":16},"end":{"line":58,"column":26}},"loc":{"start":{"line":58,"column":29},"end":{"line":70,"column":1}},"line":58},"13":{"name":"(anonymous_13)","decl":{"start":{"line":60,"column":66},"end":{"line":60,"column":67}},"loc":{"start":{"line":60,"column":72},"end":{"line":67,"column":3}},"line":60}},"branchMap":{"0":{"loc":{"start":{"line":17,"column":24},"end":{"line":17,"column":39}},"type":"binary-expr","locations":[{"start":{"line":17,"column":24},"end":{"line":17,"column":33}},{"start":{"line":17,"column":37},"end":{"line":17,"column":39}}],"line":17},"1":{"loc":{"start":{"line":22,"column":4},"end":{"line":25,"column":5}},"type":"if","locations":[{"start":{"line":22,"column":4},"end":{"line":25,"column":5}},{"start":{},"end":{}}],"line":22},"2":{"loc":{"start":{"line":29,"column":6},"end":{"line":31,"column":7}},"type":"if","locations":[{"start":{"line":29,"column":6},"end":{"line":31,"column":7}},{"start":{},"end":{}}],"line":29},"3":{"loc":{"start":{"line":47,"column":38},"end":{"line":47,"column":51}},"type":"binary-expr","locations":[{"start":{"line":47,"column":38},"end":{"line":47,"column":45}},{"start":{"line":47,"column":49},"end":{"line":47,"column":51}}],"line":47},"4":{"loc":{"start":{"line":62,"column":4},"end":{"line":66,"column":5}},"type":"if","locations":[{"start":{"line":62,"column":4},"end":{"line":66,"column":5}},{"start":{"line":64,"column":11},"end":{"line":66,"column":5}}],"line":62}},"s":{"0":0,"1":0,"2":0,"3":0,"4":0,"5":0,"6":0,"7":0,"8":0,"9":0,"10":0,"11":0,"12":0,"13":0,"14":0,"15":0,"16":0,"17":0,"18":0,"19":0,"20":0,"21":0,"22":0,"23":0,"24":0,"25":0,"26":0,"27":0,"28":0,"29":0,"30":0,"31":0,"32":0,"33":0,"34":0,"35":0,"36":0,"37":0,"38":0,"39":0,"40":0,"41":0,"42":0,"43":0},"f":{"0":0,"1":0,"2":0,"3":0,"4":0,"5":0,"6":0,"7":0,"8":0,"9":0,"10":0,"11":0,"12":0,"13":0},"b":{"0":[0,0],"1":[0,0],"2":[0,0],"3":[0,0],"4":[0,0]}}
,"/workspaces/crm-b2b/js/leads.js": {"path":"/workspaces/crm-b2b/js/leads.js","statementMap":{"0":{"start":{"line":4,"column":14},"end":{"line":4,"column":24}},"1":{"start":{"line":5,"column":2},"end":{"line":5,"column":155}},"2":{"start":{"line":5,"column":43},"end":{"line":5,"column":153}},"3":{"start":{"line":9,"column":2},"end":{"line":18,"column":3}},"4":{"start":{"line":10,"column":18},"end":{"line":10,"column":28}},"5":{"start":{"line":12,"column":18},"end":{"line":12,"column":19}},"6":{"start":{"line":13,"column":17},"end":{"line":13,"column":76}},"7":{"start":{"line":14,"column":4},"end":{"line":14,"column":44}},"8":{"start":{"line":14,"column":23},"end":{"line":14,"column":44}},"9":{"start":{"line":15,"column":4},"end":{"line":15,"column":34}},"10":{"start":{"line":17,"column":4},"end":{"line":17,"column":17}},"11":{"start":{"line":22,"column":16},"end":{"line":22,"column":26}},"12":{"start":{"line":23,"column":14},"end":{"line":23,"column":67}},"13":{"start":{"line":23,"column":36},"end":{"line":23,"column":65}},"14":{"start":{"line":24,"column":12},"end":{"line":24,"column":69}},"15":{"start":{"line":25,"column":2},"end":{"line":29,"column":3}},"16":{"start":{"line":26,"column":4},"end":{"line":28,"column":6}},"17":{"start":{"line":27,"column":6},"end":{"line":27,"column":63}},"18":{"start":{"line":30,"column":2},"end":{"line":30,"column":47}},"19":{"start":{"line":30,"column":22},"end":{"line":30,"column":45}},"20":{"start":{"line":32,"column":15},"end":{"line":77,"column":3}},"21":{"start":{"line":51,"column":23},"end":{"line":51,"column":65}},"22":{"start":{"line":52,"column":10},"end":{"line":74,"column":9}},"23":{"start":{"line":79,"column":2},"end":{"line":79,"column":61}},"24":{"start":{"line":83,"column":17},"end":{"line":83,"column":54}},"25":{"start":{"line":84,"column":16},"end":{"line":84,"column":26}},"26":{"start":{"line":85,"column":15},"end":{"line":96,"column":3}},"27":{"start":{"line":85,"column":51},"end":{"line":85,"column":80}},"28":{"start":{"line":99,"column":2},"end":{"line":99,"column":65}},"29":{"start":{"line":100,"column":2},"end":{"line":100,"column":65}},"30":{"start":{"line":101,"column":2},"end":{"line":101,"column":57}},"31":{"start":{"line":102,"column":2},"end":{"line":102,"column":63}},"32":{"start":{"line":103,"column":2},"end":{"line":103,"column":63}},"33":{"start":{"line":104,"column":2},"end":{"line":104,"column":55}},"34":{"start":{"line":105,"column":2},"end":{"line":105,"column":57}},"35":{"start":{"line":106,"column":2},"end":{"line":106,"column":57}},"36":{"start":{"line":107,"column":2},"end":{"line":107,"column":59}},"37":{"start":{"line":108,"column":2},"end":{"line":108,"column":59}},"38":{"start":{"line":111,"column":2},"end":{"line":111,"column":86}},"39":{"start":{"line":114,"column":2},"end":{"line":142,"column":4}},"40":{"start":{"line":115,"column":4},"end":{"line":115,"column":23}},"41":{"start":{"line":116,"column":20},"end":{"line":127,"column":5}},"42":{"start":{"line":129,"column":18},"end":{"line":129,"column":28}},"43":{"start":{"line":130,"column":18},"end":{"line":130,"column":75}},"44":{"start":{"line":130,"column":45},"end":{"line":130,"column":74}},"45":{"start":{"line":132,"column":4},"end":{"line":136,"column":5}},"46":{"start":{"line":133,"column":6},"end":{"line":133,"column":35}},"47":{"start":{"line":135,"column":6},"end":{"line":135,"column":32}},"48":{"start":{"line":138,"column":4},"end":{"line":138,"column":20}},"49":{"start":{"line":139,"column":4},"end":{"line":139,"column":18}},"50":{"start":{"line":140,"column":4},"end":{"line":140,"column":19}},"51":{"start":{"line":141,"column":4},"end":{"line":141,"column":64}},"52":{"start":{"line":144,"column":2},"end":{"line":144,"column":21}},"53":{"start":{"line":148,"column":2},"end":{"line":148,"column":27}},"54":{"start":{"line":148,"column":20},"end":{"line":148,"column":27}},"55":{"start":{"line":150,"column":2},"end":{"line":157,"column":3}},"56":{"start":{"line":151,"column":18},"end":{"line":151,"column":28}},"57":{"start":{"line":152,"column":4},"end":{"line":152,"column":73}},"58":{"start":{"line":152,"column":42},"end":{"line":152,"column":71}},"59":{"start":{"line":153,"column":4},"end":{"line":153,"column":20}},"60":{"start":{"line":154,"column":4},"end":{"line":154,"column":18}},"61":{"start":{"line":155,"column":4},"end":{"line":155,"column":50}},"62":{"start":{"line":156,"column":4},"end":{"line":156,"column":32}},"63":{"start":{"line":163,"column":2},"end":{"line":163,"column":85}},"64":{"start":{"line":163,"column":73},"end":{"line":163,"column":83}},"65":{"start":{"line":165,"column":2},"end":{"line":165,"column":80}},"66":{"start":{"line":167,"column":2},"end":{"line":167,"column":119}},"67":{"start":{"line":167,"column":72},"end":{"line":167,"column":117}},"68":{"start":{"line":169,"column":2},"end":{"line":172,"column":5}},"69":{"start":{"line":170,"column":24},"end":{"line":170,"column":68}},"70":{"start":{"line":171,"column":4},"end":{"line":171,"column":45}},"71":{"start":{"line":171,"column":21},"end":{"line":171,"column":45}},"72":{"start":{"line":174,"column":2},"end":{"line":176,"column":3}},"73":{"start":{"line":175,"column":4},"end":{"line":175,"column":18}},"74":{"start":{"line":180,"column":0},"end":{"line":180,"column":27}},"75":{"start":{"line":181,"column":0},"end":{"line":181,"column":31}},"76":{"start":{"line":182,"column":0},"end":{"line":182,"column":33}},"77":{"start":{"line":185,"column":0},"end":{"line":191,"column":1}},"78":{"start":{"line":186,"column":16},"end":{"line":186,"column":26}},"79":{"start":{"line":187,"column":2},"end":{"line":187,"column":25}},"80":{"start":{"line":188,"column":2},"end":{"line":188,"column":18}},"81":{"start":{"line":189,"column":2},"end":{"line":189,"column":16}},"82":{"start":{"line":190,"column":2},"end":{"line":190,"column":14}}},"fnMap":{"0":{"name":"hasPendingReminders","decl":{"start":{"line":3,"column":9},"end":{"line":3,"column":28}},"loc":{"start":{"line":3,"column":42},"end":{"line":6,"column":1}},"line":3},"1":{"name":"(anonymous_1)","decl":{"start":{"line":5,"column":38},"end":{"line":5,"column":39}},"loc":{"start":{"line":5,"column":43},"end":{"line":5,"column":153}},"line":5},"2":{"name":"nextStepLabel","decl":{"start":{"line":8,"column":9},"end":{"line":8,"column":22}},"loc":{"start":{"line":8,"column":29},"end":{"line":19,"column":1}},"line":8},"3":{"name":"renderLeads","decl":{"start":{"line":21,"column":16},"end":{"line":21,"column":27}},"loc":{"start":{"line":21,"column":30},"end":{"line":80,"column":1}},"line":21},"4":{"name":"(anonymous_4)","decl":{"start":{"line":23,"column":30},"end":{"line":23,"column":31}},"loc":{"start":{"line":23,"column":36},"end":{"line":23,"column":65}},"line":23},"5":{"name":"(anonymous_5)","decl":{"start":{"line":26,"column":25},"end":{"line":26,"column":26}},"loc":{"start":{"line":27,"column":6},"end":{"line":27,"column":63}},"line":27},"6":{"name":"(anonymous_6)","decl":{"start":{"line":30,"column":13},"end":{"line":30,"column":14}},"loc":{"start":{"line":30,"column":22},"end":{"line":30,"column":45}},"line":30},"7":{"name":"(anonymous_7)","decl":{"start":{"line":50,"column":20},"end":{"line":50,"column":21}},"loc":{"start":{"line":50,"column":25},"end":{"line":74,"column":10}},"line":50},"8":{"name":"editLead","decl":{"start":{"line":82,"column":16},"end":{"line":82,"column":24}},"loc":{"start":{"line":82,"column":38},"end":{"line":145,"column":1}},"line":82},"9":{"name":"(anonymous_9)","decl":{"start":{"line":85,"column":46},"end":{"line":85,"column":47}},"loc":{"start":{"line":85,"column":51},"end":{"line":85,"column":80}},"line":85},"10":{"name":"(anonymous_10)","decl":{"start":{"line":114,"column":20},"end":{"line":114,"column":21}},"loc":{"start":{"line":114,"column":27},"end":{"line":142,"column":3}},"line":114},"11":{"name":"(anonymous_11)","decl":{"start":{"line":130,"column":40},"end":{"line":130,"column":41}},"loc":{"start":{"line":130,"column":45},"end":{"line":130,"column":74}},"line":130},"12":{"name":"deleteLead","decl":{"start":{"line":147,"column":16},"end":{"line":147,"column":26}},"loc":{"start":{"line":147,"column":40},"end":{"line":158,"column":1}},"line":147},"13":{"name":"(anonymous_13)","decl":{"start":{"line":152,"column":37},"end":{"line":152,"column":38}},"loc":{"start":{"line":152,"column":42},"end":{"line":152,"column":71}},"line":152},"14":{"name":"initLeads","decl":{"start":{"line":161,"column":16},"end":{"line":161,"column":25}},"loc":{"start":{"line":161,"column":28},"end":{"line":177,"column":1}},"line":161},"15":{"name":"(anonymous_15)","decl":{"start":{"line":163,"column":67},"end":{"line":163,"column":68}},"loc":{"start":{"line":163,"column":73},"end":{"line":163,"column":83}},"line":163},"16":{"name":"(anonymous_16)","decl":{"start":{"line":167,"column":66},"end":{"line":167,"column":67}},"loc":{"start":{"line":167,"column":72},"end":{"line":167,"column":117}},"line":167},"17":{"name":"(anonymous_17)","decl":{"start":{"line":169,"column":66},"end":{"line":169,"column":67}},"loc":{"start":{"line":169,"column":72},"end":{"line":172,"column":3}},"line":169},"18":{"name":"(anonymous_18)","decl":{"start":{"line":185,"column":33},"end":{"line":185,"column":34}},"loc":{"start":{"line":185,"column":48},"end":{"line":191,"column":1}},"line":185}},"branchMap":{"0":{"loc":{"start":{"line":5,"column":10},"end":{"line":5,"column":31}},"type":"binary-expr","locations":[{"start":{"line":5,"column":10},"end":{"line":5,"column":25}},{"start":{"line":5,"column":29},"end":{"line":5,"column":31}}],"line":5},"1":{"loc":{"start":{"line":5,"column":43},"end":{"line":5,"column":153}},"type":"binary-expr","locations":[{"start":{"line":5,"column":43},"end":{"line":5,"column":70}},{"start":{"line":5,"column":74},"end":{"line":5,"column":98}},{"start":{"line":5,"column":102},"end":{"line":5,"column":153}}],"line":5},"2":{"loc":{"start":{"line":13,"column":17},"end":{"line":13,"column":76}},"type":"cond-expr","locations":[{"start":{"line":13,"column":50},"end":{"line":13,"column":72}},{"start":{"line":13,"column":75},"end":{"line":13,"column":76}}],"line":13},"3":{"loc":{"start":{"line":14,"column":4},"end":{"line":14,"column":44}},"type":"if","locations":[{"start":{"line":14,"column":4},"end":{"line":14,"column":44}},{"start":{},"end":{}}],"line":14},"4":{"loc":{"start":{"line":25,"column":2},"end":{"line":29,"column":3}},"type":"if","locations":[{"start":{"line":25,"column":2},"end":{"line":29,"column":3}},{"start":{},"end":{}}],"line":25},"5":{"loc":{"start":{"line":51,"column":23},"end":{"line":51,"column":65}},"type":"cond-expr","locations":[{"start":{"line":51,"column":55},"end":{"line":51,"column":60}},{"start":{"line":51,"column":63},"end":{"line":51,"column":65}}],"line":51},"6":{"loc":{"start":{"line":53,"column":15},"end":{"line":53,"column":66}},"type":"cond-expr","locations":[{"start":{"line":53,"column":27},"end":{"line":53,"column":61}},{"start":{"line":53,"column":64},"end":{"line":53,"column":66}}],"line":53},"7":{"loc":{"start":{"line":59,"column":18},"end":{"line":59,"column":30}},"type":"binary-expr","locations":[{"start":{"line":59,"column":18},"end":{"line":59,"column":24}},{"start":{"line":59,"column":28},"end":{"line":59,"column":30}}],"line":59},"8":{"loc":{"start":{"line":61,"column":30},"end":{"line":61,"column":51}},"type":"cond-expr","locations":[{"start":{"line":61,"column":42},"end":{"line":61,"column":46}},{"start":{"line":61,"column":49},"end":{"line":61,"column":51}}],"line":61},"9":{"loc":{"start":{"line":85,"column":15},"end":{"line":96,"column":3}},"type":"cond-expr","locations":[{"start":{"line":85,"column":29},"end":{"line":85,"column":81}},{"start":{"line":85,"column":84},"end":{"line":96,"column":3}}],"line":85},"10":{"loc":{"start":{"line":111,"column":55},"end":{"line":111,"column":85}},"type":"cond-expr","locations":[{"start":{"line":111,"column":69},"end":{"line":111,"column":76}},{"start":{"line":111,"column":79},"end":{"line":111,"column":85}}],"line":111},"11":{"loc":{"start":{"line":132,"column":4},"end":{"line":136,"column":5}},"type":"if","locations":[{"start":{"line":132,"column":4},"end":{"line":136,"column":5}},{"start":{"line":134,"column":11},"end":{"line":136,"column":5}}],"line":132},"12":{"loc":{"start":{"line":141,"column":14},"end":{"line":141,"column":62}},"type":"cond-expr","locations":[{"start":{"line":141,"column":28},"end":{"line":141,"column":46}},{"start":{"line":141,"column":49},"end":{"line":141,"column":62}}],"line":141},"13":{"loc":{"start":{"line":148,"column":2},"end":{"line":148,"column":27}},"type":"if","locations":[{"start":{"line":148,"column":2},"end":{"line":148,"column":27}},{"start":{},"end":{}}],"line":148},"14":{"loc":{"start":{"line":150,"column":2},"end":{"line":157,"column":3}},"type":"if","locations":[{"start":{"line":150,"column":2},"end":{"line":157,"column":3}},{"start":{},"end":{}}],"line":150},"15":{"loc":{"start":{"line":171,"column":4},"end":{"line":171,"column":45}},"type":"if","locations":[{"start":{"line":171,"column":4},"end":{"line":171,"column":45}},{"start":{},"end":{}}],"line":171},"16":{"loc":{"start":{"line":174,"column":2},"end":{"line":176,"column":3}},"type":"if","locations":[{"start":{"line":174,"column":2},"end":{"line":176,"column":3}},{"start":{},"end":{}}],"line":174}},"s":{"0":0,"1":0,"2":0,"3":0,"4":0,"5":0,"6":0,"7":0,"8":0,"9":0,"10":0,"11":0,"12":0,"13":0,"14":0,"15":0,"16":0,"17":0,"18":0,"19":0,"20":0,"21":0,"22":0,"23":0,"24":0,"25":0,"26":0,"27":0,"28":0,"29":0,"30":0,"31":0,"32":0,"33":0,"34":0,"35":0,"36":0,"37":0,"38":0,"39":0,"40":0,"41":0,"42":0,"43":0,"44":0,"45":0,"46":0,"47":0,"48":0,"49":0,"50":0,"51":0,"52":0,"53":0,"54":0,"55":0,"56":0,"57":0,"58":0,"59":0,"60":0,"61":0,"62":0,"63":0,"64":0,"65":0,"66":0,"67":0,"68":0,"69":0,"70":0,"71":0,"72":0,"73":0,"74":0,"75":0,"76":0,"77":0,"78":0,"79":0,"80":0,"81":0,"82":0},"f":{"0":0,"1":0,"2":0,"3":0,"4":0,"5":0,"6":0,"7":0,"8":0,"9":0,"10":0,"11":0,"12":0,"13":0,"14":0,"15":0,"16":0,"17":0,"18":0},"b":{"0":[0,0],"1":[0,0,0],"2":[0,0],"3":[0,0],"4":[0,0],"5":[0,0],"6":[0,0],"7":[0,0],"8":[0,0],"9":[0,0],"10":[0,0],"11":[0,0],"12":[0,0],"13":[0,0],"14":[0,0],"15":[0,0],"16":[0,0]}}
,"/workspaces/crm-b2b/js/messages.js": {"path":"/workspaces/crm-b2b/js/messages.js","statementMap":{"0":{"start":{"line":5,"column":2},"end":{"line":5,"column":57}},"1":{"start":{"line":6,"column":17},"end":{"line":6,"column":53}},"2":{"start":{"line":7,"column":16},"end":{"line":7,"column":26}},"3":{"start":{"line":8,"column":15},"end":{"line":8,"column":67}},"4":{"start":{"line":8,"column":37},"end":{"line":8,"column":66}},"5":{"start":{"line":10,"column":2},"end":{"line":13,"column":3}},"6":{"start":{"line":11,"column":4},"end":{"line":11,"column":54}},"7":{"start":{"line":12,"column":4},"end":{"line":12,"column":11}},"8":{"start":{"line":16,"column":14},"end":{"line":16,"column":61}},"9":{"start":{"line":17,"column":28},"end":{"line":17,"column":81}},"10":{"start":{"line":19,"column":2},"end":{"line":23,"column":3}},"11":{"start":{"line":20,"column":4},"end":{"line":20,"column":73}},"12":{"start":{"line":21,"column":4},"end":{"line":21,"column":67}},"13":{"start":{"line":22,"column":4},"end":{"line":22,"column":11}},"14":{"start":{"line":26,"column":17},"end":{"line":26,"column":58}},"15":{"start":{"line":27,"column":2},"end":{"line":30,"column":14}},"16":{"start":{"line":28,"column":18},"end":{"line":28,"column":106}},"17":{"start":{"line":29,"column":4},"end":{"line":29,"column":52}},"18":{"start":{"line":33,"column":18},"end":{"line":33,"column":34}},"19":{"start":{"line":34,"column":18},"end":{"line":34,"column":47}},"20":{"start":{"line":35,"column":2},"end":{"line":39,"column":3}},"21":{"start":{"line":36,"column":4},"end":{"line":36,"column":35}},"22":{"start":{"line":38,"column":4},"end":{"line":38,"column":23}},"23":{"start":{"line":43,"column":29},"end":{"line":43,"column":82}},"24":{"start":{"line":44,"column":21},"end":{"line":44,"column":59}},"25":{"start":{"line":45,"column":17},"end":{"line":45,"column":81}},"26":{"start":{"line":46,"column":14},"end":{"line":46,"column":18}},"27":{"start":{"line":47,"column":4},"end":{"line":50,"column":7}},"28":{"start":{"line":48,"column":18},"end":{"line":48,"column":31}},"29":{"start":{"line":49,"column":6},"end":{"line":49,"column":66}},"30":{"start":{"line":51,"column":4},"end":{"line":51,"column":54}},"31":{"start":{"line":55,"column":2},"end":{"line":55,"column":53}},"32":{"start":{"line":56,"column":2},"end":{"line":56,"column":25}},"33":{"start":{"line":59,"column":2},"end":{"line":61,"column":21}},"34":{"start":{"line":60,"column":4},"end":{"line":60,"column":19}},"35":{"start":{"line":64,"column":2},"end":{"line":88,"column":4}},"36":{"start":{"line":65,"column":4},"end":{"line":65,"column":23}},"37":{"start":{"line":66,"column":16},"end":{"line":66,"column":59}},"38":{"start":{"line":67,"column":21},"end":{"line":67,"column":41}},"39":{"start":{"line":68,"column":29},"end":{"line":68,"column":82}},"40":{"start":{"line":69,"column":21},"end":{"line":69,"column":47}},"41":{"start":{"line":70,"column":18},"end":{"line":70,"column":121}},"42":{"start":{"line":73,"column":4},"end":{"line":73,"column":23}},"43":{"start":{"line":74,"column":4},"end":{"line":74,"column":62}},"44":{"start":{"line":74,"column":41},"end":{"line":74,"column":62}},"45":{"start":{"line":75,"column":4},"end":{"line":81,"column":7}},"46":{"start":{"line":83,"column":2},"end":{"line":83,"column":54}},"47":{"start":{"line":84,"column":4},"end":{"line":84,"column":20}},"48":{"start":{"line":85,"column":4},"end":{"line":85,"column":19}},"49":{"start":{"line":86,"column":4},"end":{"line":86,"column":33}},"50":{"start":{"line":87,"column":4},"end":{"line":87,"column":18}},"51":{"start":{"line":90,"column":2},"end":{"line":90,"column":21}},"52":{"start":{"line":94,"column":0},"end":{"line":94,"column":37}},"53":{"start":{"line":98,"column":2},"end":{"line":102,"column":19}},"54":{"start":{"line":106,"column":17},"end":{"line":106,"column":39}},"55":{"start":{"line":107,"column":15},"end":{"line":107,"column":43}},"56":{"start":{"line":109,"column":2},"end":{"line":111,"column":3}},"57":{"start":{"line":110,"column":4},"end":{"line":110,"column":45}},"58":{"start":{"line":110,"column":36},"end":{"line":110,"column":45}},"59":{"start":{"line":112,"column":2},"end":{"line":112,"column":19}}},"fnMap":{"0":{"name":"showMsgDialog","decl":{"start":{"line":4,"column":16},"end":{"line":4,"column":29}},"loc":{"start":{"line":4,"column":43},"end":{"line":91,"column":1}},"line":4},"1":{"name":"(anonymous_1)","decl":{"start":{"line":8,"column":32},"end":{"line":8,"column":33}},"loc":{"start":{"line":8,"column":37},"end":{"line":8,"column":66}},"line":8},"2":{"name":"(anonymous_2)","decl":{"start":{"line":27,"column":43},"end":{"line":27,"column":44}},"loc":{"start":{"line":27,"column":55},"end":{"line":30,"column":3}},"line":27},"3":{"name":"updateMessagePreview","decl":{"start":{"line":42,"column":11},"end":{"line":42,"column":31}},"loc":{"start":{"line":42,"column":34},"end":{"line":52,"column":3}},"line":42},"4":{"name":"(anonymous_4)","decl":{"start":{"line":47,"column":30},"end":{"line":47,"column":31}},"loc":{"start":{"line":47,"column":35},"end":{"line":50,"column":5}},"line":47},"5":{"name":"(anonymous_5)","decl":{"start":{"line":59,"column":69},"end":{"line":59,"column":70}},"loc":{"start":{"line":59,"column":75},"end":{"line":61,"column":3}},"line":59},"6":{"name":"(anonymous_6)","decl":{"start":{"line":64,"column":20},"end":{"line":64,"column":21}},"loc":{"start":{"line":64,"column":27},"end":{"line":88,"column":3}},"line":64},"7":{"name":"normalizeKey","decl":{"start":{"line":97,"column":9},"end":{"line":97,"column":21}},"loc":{"start":{"line":97,"column":25},"end":{"line":103,"column":1}},"line":97},"8":{"name":"findIndustryKey","decl":{"start":{"line":105,"column":9},"end":{"line":105,"column":24}},"loc":{"start":{"line":105,"column":46},"end":{"line":113,"column":1}},"line":105}},"branchMap":{"0":{"loc":{"start":{"line":10,"column":2},"end":{"line":13,"column":3}},"type":"if","locations":[{"start":{"line":10,"column":2},"end":{"line":13,"column":3}},{"start":{},"end":{}}],"line":10},"1":{"loc":{"start":{"line":17,"column":28},"end":{"line":17,"column":81}},"type":"binary-expr","locations":[{"start":{"line":17,"column":28},"end":{"line":17,"column":48}},{"start":{"line":17,"column":52},"end":{"line":17,"column":75}},{"start":{"line":17,"column":79},"end":{"line":17,"column":81}}],"line":17},"2":{"loc":{"start":{"line":19,"column":2},"end":{"line":23,"column":3}},"type":"if","locations":[{"start":{"line":19,"column":2},"end":{"line":23,"column":3}},{"start":{},"end":{}}],"line":19},"3":{"loc":{"start":{"line":19,"column":6},"end":{"line":19,"column":53}},"type":"binary-expr","locations":[{"start":{"line":19,"column":6},"end":{"line":19,"column":24}},{"start":{"line":19,"column":28},"end":{"line":19,"column":53}}],"line":19},"4":{"loc":{"start":{"line":28,"column":18},"end":{"line":28,"column":106}},"type":"cond-expr","locations":[{"start":{"line":28,"column":44},"end":{"line":28,"column":72}},{"start":{"line":28,"column":76},"end":{"line":28,"column":105}}],"line":28},"5":{"loc":{"start":{"line":28,"column":76},"end":{"line":28,"column":105}},"type":"binary-expr","locations":[{"start":{"line":28,"column":76},"end":{"line":28,"column":85}},{"start":{"line":28,"column":89},"end":{"line":28,"column":105}}],"line":28},"6":{"loc":{"start":{"line":35,"column":2},"end":{"line":39,"column":3}},"type":"if","locations":[{"start":{"line":35,"column":2},"end":{"line":39,"column":3}},{"start":{"line":37,"column":9},"end":{"line":39,"column":3}}],"line":35},"7":{"loc":{"start":{"line":35,"column":6},"end":{"line":35,"column":43}},"type":"binary-expr","locations":[{"start":{"line":35,"column":6},"end":{"line":35,"column":13}},{"start":{"line":35,"column":17},"end":{"line":35,"column":43}}],"line":35},"8":{"loc":{"start":{"line":43,"column":29},"end":{"line":43,"column":82}},"type":"binary-expr","locations":[{"start":{"line":43,"column":29},"end":{"line":43,"column":49}},{"start":{"line":43,"column":53},"end":{"line":43,"column":76}},{"start":{"line":43,"column":80},"end":{"line":43,"column":82}}],"line":43},"9":{"loc":{"start":{"line":45,"column":17},"end":{"line":45,"column":81}},"type":"cond-expr","locations":[{"start":{"line":45,"column":48},"end":{"line":45,"column":56}},{"start":{"line":45,"column":60},"end":{"line":45,"column":80}}],"line":45},"10":{"loc":{"start":{"line":45,"column":60},"end":{"line":45,"column":80}},"type":"binary-expr","locations":[{"start":{"line":45,"column":60},"end":{"line":45,"column":74}},{"start":{"line":45,"column":78},"end":{"line":45,"column":80}}],"line":45},"11":{"loc":{"start":{"line":48,"column":18},"end":{"line":48,"column":31}},"type":"binary-expr","locations":[{"start":{"line":48,"column":18},"end":{"line":48,"column":25}},{"start":{"line":48,"column":29},"end":{"line":48,"column":31}}],"line":48},"12":{"loc":{"start":{"line":68,"column":29},"end":{"line":68,"column":82}},"type":"binary-expr","locations":[{"start":{"line":68,"column":29},"end":{"line":68,"column":49}},{"start":{"line":68,"column":53},"end":{"line":68,"column":76}},{"start":{"line":68,"column":80},"end":{"line":68,"column":82}}],"line":68},"13":{"loc":{"start":{"line":70,"column":18},"end":{"line":70,"column":121}},"type":"cond-expr","locations":[{"start":{"line":70,"column":51},"end":{"line":70,"column":74}},{"start":{"line":70,"column":78},"end":{"line":70,"column":120}}],"line":70},"14":{"loc":{"start":{"line":70,"column":78},"end":{"line":70,"column":120}},"type":"binary-expr","locations":[{"start":{"line":70,"column":78},"end":{"line":70,"column":93}},{"start":{"line":70,"column":97},"end":{"line":70,"column":120}}],"line":70},"15":{"loc":{"start":{"line":74,"column":4},"end":{"line":74,"column":62}},"type":"if","locations":[{"start":{"line":74,"column":4},"end":{"line":74,"column":62}},{"start":{},"end":{}}],"line":74},"16":{"loc":{"start":{"line":98,"column":10},"end":{"line":98,"column":24}},"type":"binary-expr","locations":[{"start":{"line":98,"column":10},"end":{"line":98,"column":11}},{"start":{"line":98,"column":15},"end":{"line":98,"column":24}}],"line":98},"17":{"loc":{"start":{"line":107,"column":27},"end":{"line":107,"column":42}},"type":"binary-expr","locations":[{"start":{"line":107,"column":27},"end":{"line":107,"column":36}},{"start":{"line":107,"column":40},"end":{"line":107,"column":42}}],"line":107},"18":{"loc":{"start":{"line":110,"column":4},"end":{"line":110,"column":45}},"type":"if","locations":[{"start":{"line":110,"column":4},"end":{"line":110,"column":45}},{"start":{},"end":{}}],"line":110}},"s":{"0":0,"1":0,"2":0,"3":0,"4":0,"5":0,"6":0,"7":0,"8":0,"9":0,"10":0,"11":0,"12":0,"13":0,"14":0,"15":0,"16":0,"17":0,"18":0,"19":0,"20":0,"21":0,"22":0,"23":0,"24":0,"25":0,"26":0,"27":0,"28":0,"29":0,"30":0,"31":0,"32":0,"33":0,"34":0,"35":0,"36":0,"37":0,"38":0,"39":0,"40":0,"41":0,"42":0,"43":0,"44":0,"45":0,"46":0,"47":0,"48":0,"49":0,"50":0,"51":0,"52":0,"53":0,"54":0,"55":0,"56":0,"57":0,"58":0,"59":0},"f":{"0":0,"1":0,"2":0,"3":0,"4":0,"5":0,"6":0,"7":0,"8":0},"b":{"0":[0,0],"1":[0,0,0],"2":[0,0],"3":[0,0],"4":[0,0],"5":[0,0],"6":[0,0],"7":[0,0],"8":[0,0,0],"9":[0,0],"10":[0,0],"11":[0,0],"12":[0,0,0],"13":[0,0],"14":[0,0],"15":[0,0],"16":[0,0],"17":[0,0],"18":[0,0]}}
,"/workspaces/crm-b2b/js/navigation.js": {"path":"/workspaces/crm-b2b/js/navigation.js","statementMap":{"0":{"start":{"line":4,"column":2},"end":{"line":6,"column":5}},"1":{"start":{"line":5,"column":4},"end":{"line":5,"column":34}},"2":{"start":{"line":9,"column":16},"end":{"line":9,"column":55}},"3":{"start":{"line":10,"column":2},"end":{"line":12,"column":3}},"4":{"start":{"line":11,"column":4},"end":{"line":11,"column":37}},"5":{"start":{"line":15,"column":2},"end":{"line":17,"column":5}},"6":{"start":{"line":16,"column":4},"end":{"line":16,"column":62}}},"fnMap":{"0":{"name":"showTab","decl":{"start":{"line":2,"column":16},"end":{"line":2,"column":23}},"loc":{"start":{"line":2,"column":31},"end":{"line":18,"column":1}},"line":2},"1":{"name":"(anonymous_1)","decl":{"start":{"line":4,"column":46},"end":{"line":4,"column":47}},"loc":{"start":{"line":4,"column":55},"end":{"line":6,"column":3}},"line":4},"2":{"name":"(anonymous_2)","decl":{"start":{"line":15,"column":48},"end":{"line":15,"column":49}},"loc":{"start":{"line":15,"column":55},"end":{"line":17,"column":3}},"line":15}},"branchMap":{"0":{"loc":{"start":{"line":10,"column":2},"end":{"line":12,"column":3}},"type":"if","locations":[{"start":{"line":10,"column":2},"end":{"line":12,"column":3}},{"start":{},"end":{}}],"line":10}},"s":{"0":0,"1":0,"2":0,"3":0,"4":0,"5":0,"6":0},"f":{"0":0,"1":0,"2":0},"b":{"0":[0,0]}}
,"/workspaces/crm-b2b/js/pipeline.js": {"path":"/workspaces/crm-b2b/js/pipeline.js","statementMap":{"0":{"start":{"line":4,"column":16},"end":{"line":4,"column":26}},"1":{"start":{"line":5,"column":16},"end":{"line":5,"column":27}},"2":{"start":{"line":6,"column":18},"end":{"line":13,"column":3}},"3":{"start":{"line":15,"column":2},"end":{"line":19,"column":5}},"4":{"start":{"line":16,"column":4},"end":{"line":18,"column":5}},"5":{"start":{"line":17,"column":6},"end":{"line":17,"column":38}},"6":{"start":{"line":21,"column":13},"end":{"line":21,"column":35}},"7":{"start":{"line":22,"column":2},"end":{"line":42,"column":5}},"8":{"start":{"line":23,"column":4},"end":{"line":41,"column":6}},"9":{"start":{"line":27,"column":30},"end":{"line":38,"column":11}},"10":{"start":{"line":43,"column":2},"end":{"line":43,"column":19}},"11":{"start":{"line":45,"column":2},"end":{"line":45,"column":57}},"12":{"start":{"line":50,"column":2},"end":{"line":50,"column":44}},"13":{"start":{"line":50,"column":37},"end":{"line":50,"column":44}},"14":{"start":{"line":51,"column":2},"end":{"line":51,"column":39}},"15":{"start":{"line":54,"column":2},"end":{"line":60,"column":5}},"16":{"start":{"line":55,"column":17},"end":{"line":55,"column":49}},"17":{"start":{"line":56,"column":4},"end":{"line":59,"column":5}},"18":{"start":{"line":57,"column":6},"end":{"line":57,"column":37}},"19":{"start":{"line":58,"column":6},"end":{"line":58,"column":65}},"20":{"start":{"line":62,"column":2},"end":{"line":65,"column":5}},"21":{"start":{"line":63,"column":17},"end":{"line":63,"column":49}},"22":{"start":{"line":64,"column":4},"end":{"line":64,"column":48}},"23":{"start":{"line":64,"column":14},"end":{"line":64,"column":48}},"24":{"start":{"line":67,"column":2},"end":{"line":72,"column":5}},"25":{"start":{"line":68,"column":17},"end":{"line":68,"column":49}},"26":{"start":{"line":69,"column":4},"end":{"line":71,"column":5}},"27":{"start":{"line":70,"column":6},"end":{"line":70,"column":25}},"28":{"start":{"line":74,"column":2},"end":{"line":98,"column":5}},"29":{"start":{"line":75,"column":17},"end":{"line":75,"column":49}},"30":{"start":{"line":76,"column":4},"end":{"line":97,"column":5}},"31":{"start":{"line":77,"column":6},"end":{"line":77,"column":25}},"32":{"start":{"line":78,"column":22},"end":{"line":78,"column":52}},"33":{"start":{"line":79,"column":24},"end":{"line":79,"column":43}},"34":{"start":{"line":81,"column":20},"end":{"line":81,"column":30}},"35":{"start":{"line":82,"column":19},"end":{"line":82,"column":67}},"36":{"start":{"line":82,"column":41},"end":{"line":82,"column":66}},"37":{"start":{"line":83,"column":6},"end":{"line":96,"column":7}},"38":{"start":{"line":84,"column":26},"end":{"line":84,"column":37}},"39":{"start":{"line":85,"column":8},"end":{"line":85,"column":32}},"40":{"start":{"line":86,"column":8},"end":{"line":86,"column":24}},"41":{"start":{"line":87,"column":8},"end":{"line":87,"column":25}},"42":{"start":{"line":88,"column":8},"end":{"line":88,"column":43}},"43":{"start":{"line":91,"column":8},"end":{"line":95,"column":9}},"44":{"start":{"line":92,"column":10},"end":{"line":94,"column":18}},"45":{"start":{"line":93,"column":12},"end":{"line":93,"column":43}},"46":{"start":{"line":101,"column":2},"end":{"line":101,"column":67}},"47":{"start":{"line":101,"column":49},"end":{"line":101,"column":65}},"48":{"start":{"line":104,"column":2},"end":{"line":104,"column":19}}},"fnMap":{"0":{"name":"renderPipeline","decl":{"start":{"line":3,"column":16},"end":{"line":3,"column":30}},"loc":{"start":{"line":3,"column":33},"end":{"line":46,"column":1}},"line":3},"1":{"name":"(anonymous_1)","decl":{"start":{"line":15,"column":16},"end":{"line":15,"column":17}},"loc":{"start":{"line":15,"column":24},"end":{"line":19,"column":3}},"line":15},"2":{"name":"(anonymous_2)","decl":{"start":{"line":22,"column":34},"end":{"line":22,"column":35}},"loc":{"start":{"line":22,"column":55},"end":{"line":42,"column":3}},"line":22},"3":{"name":"(anonymous_3)","decl":{"start":{"line":27,"column":22},"end":{"line":27,"column":23}},"loc":{"start":{"line":27,"column":30},"end":{"line":38,"column":11}},"line":27},"4":{"name":"initPipeline","decl":{"start":{"line":48,"column":16},"end":{"line":48,"column":28}},"loc":{"start":{"line":48,"column":31},"end":{"line":105,"column":1}},"line":48},"5":{"name":"(anonymous_5)","decl":{"start":{"line":54,"column":41},"end":{"line":54,"column":42}},"loc":{"start":{"line":54,"column":46},"end":{"line":60,"column":3}},"line":54},"6":{"name":"(anonymous_6)","decl":{"start":{"line":62,"column":39},"end":{"line":62,"column":40}},"loc":{"start":{"line":62,"column":44},"end":{"line":65,"column":3}},"line":62},"7":{"name":"(anonymous_7)","decl":{"start":{"line":67,"column":40},"end":{"line":67,"column":41}},"loc":{"start":{"line":67,"column":45},"end":{"line":72,"column":3}},"line":67},"8":{"name":"(anonymous_8)","decl":{"start":{"line":74,"column":36},"end":{"line":74,"column":37}},"loc":{"start":{"line":74,"column":41},"end":{"line":98,"column":3}},"line":74},"9":{"name":"(anonymous_9)","decl":{"start":{"line":82,"column":36},"end":{"line":82,"column":37}},"loc":{"start":{"line":82,"column":41},"end":{"line":82,"column":66}},"line":82},"10":{"name":"(anonymous_10)","decl":{"start":{"line":92,"column":21},"end":{"line":92,"column":22}},"loc":{"start":{"line":92,"column":27},"end":{"line":94,"column":11}},"line":92},"11":{"name":"(anonymous_11)","decl":{"start":{"line":101,"column":43},"end":{"line":101,"column":44}},"loc":{"start":{"line":101,"column":49},"end":{"line":101,"column":65}},"line":101}},"branchMap":{"0":{"loc":{"start":{"line":16,"column":4},"end":{"line":18,"column":5}},"type":"if","locations":[{"start":{"line":16,"column":4},"end":{"line":18,"column":5}},{"start":{},"end":{}}],"line":16},"1":{"loc":{"start":{"line":31,"column":40},"end":{"line":31,"column":56}},"type":"binary-expr","locations":[{"start":{"line":31,"column":40},"end":{"line":31,"column":50}},{"start":{"line":31,"column":54},"end":{"line":31,"column":56}}],"line":31},"2":{"loc":{"start":{"line":33,"column":36},"end":{"line":33,"column":55}},"type":"binary-expr","locations":[{"start":{"line":33,"column":36},"end":{"line":33,"column":49}},{"start":{"line":33,"column":53},"end":{"line":33,"column":55}}],"line":33},"3":{"loc":{"start":{"line":34,"column":36},"end":{"line":34,"column":55}},"type":"binary-expr","locations":[{"start":{"line":34,"column":36},"end":{"line":34,"column":49}},{"start":{"line":34,"column":53},"end":{"line":34,"column":55}}],"line":34},"4":{"loc":{"start":{"line":50,"column":2},"end":{"line":50,"column":44}},"type":"if","locations":[{"start":{"line":50,"column":2},"end":{"line":50,"column":44}},{"start":{},"end":{}}],"line":50},"5":{"loc":{"start":{"line":56,"column":4},"end":{"line":59,"column":5}},"type":"if","locations":[{"start":{"line":56,"column":4},"end":{"line":59,"column":5}},{"start":{},"end":{}}],"line":56},"6":{"loc":{"start":{"line":64,"column":4},"end":{"line":64,"column":48}},"type":"if","locations":[{"start":{"line":64,"column":4},"end":{"line":64,"column":48}},{"start":{},"end":{}}],"line":64},"7":{"loc":{"start":{"line":69,"column":4},"end":{"line":71,"column":5}},"type":"if","locations":[{"start":{"line":69,"column":4},"end":{"line":71,"column":5}},{"start":{},"end":{}}],"line":69},"8":{"loc":{"start":{"line":76,"column":4},"end":{"line":97,"column":5}},"type":"if","locations":[{"start":{"line":76,"column":4},"end":{"line":97,"column":5}},{"start":{},"end":{}}],"line":76},"9":{"loc":{"start":{"line":83,"column":6},"end":{"line":96,"column":7}},"type":"if","locations":[{"start":{"line":83,"column":6},"end":{"line":96,"column":7}},{"start":{},"end":{}}],"line":83},"10":{"loc":{"start":{"line":83,"column":10},"end":{"line":83,"column":43}},"type":"binary-expr","locations":[{"start":{"line":83,"column":10},"end":{"line":83,"column":14}},{"start":{"line":83,"column":18},"end":{"line":83,"column":43}}],"line":83},"11":{"loc":{"start":{"line":91,"column":8},"end":{"line":95,"column":9}},"type":"if","locations":[{"start":{"line":91,"column":8},"end":{"line":95,"column":9}},{"start":{},"end":{}}],"line":91},"12":{"loc":{"start":{"line":91,"column":12},"end":{"line":91,"column":78}},"type":"binary-expr","locations":[{"start":{"line":91,"column":12},"end":{"line":91,"column":43}},{"start":{"line":91,"column":47},"end":{"line":91,"column":78}}],"line":91}},"s":{"0":0,"1":0,"2":0,"3":0,"4":0,"5":0,"6":0,"7":0,"8":0,"9":0,"10":0,"11":0,"12":0,"13":0,"14":0,"15":0,"16":0,"17":0,"18":0,"19":0,"20":0,"21":0,"22":0,"23":0,"24":0,"25":0,"26":0,"27":0,"28":0,"29":0,"30":0,"31":0,"32":0,"33":0,"34":0,"35":0,"36":0,"37":0,"38":0,"39":0,"40":0,"41":0,"42":0,"43":0,"44":0,"45":0,"46":0,"47":0,"48":0},"f":{"0":0,"1":0,"2":0,"3":0,"4":0,"5":0,"6":0,"7":0,"8":0,"9":0,"10":0,"11":0},"b":{"0":[0,0],"1":[0,0],"2":[0,0],"3":[0,0],"4":[0,0],"5":[0,0],"6":[0,0],"7":[0,0],"8":[0,0],"9":[0,0],"10":[0,0],"11":[0,0],"12":[0,0]}}
,"/workspaces/crm-b2b/js/reminders.js": {"path":"/workspaces/crm-b2b/js/reminders.js","statementMap":{"0":{"start":{"line":4,"column":16},"end":{"line":4,"column":26}},"1":{"start":{"line":5,"column":20},"end":{"line":5,"column":35}},"2":{"start":{"line":8,"column":17},"end":{"line":8,"column":19}},"3":{"start":{"line":9,"column":2},"end":{"line":13,"column":5}},"4":{"start":{"line":10,"column":17},"end":{"line":10,"column":39}},"5":{"start":{"line":11,"column":4},"end":{"line":11,"column":41}},"6":{"start":{"line":11,"column":23},"end":{"line":11,"column":41}},"7":{"start":{"line":12,"column":4},"end":{"line":12,"column":27}},"8":{"start":{"line":15,"column":18},"end":{"line":15,"column":80}},"9":{"start":{"line":15,"column":55},"end":{"line":15,"column":79}},"10":{"start":{"line":16,"column":13},"end":{"line":16,"column":15}},"11":{"start":{"line":17,"column":2},"end":{"line":42,"column":5}},"12":{"start":{"line":18,"column":18},"end":{"line":18,"column":41}},"13":{"start":{"line":19,"column":4},"end":{"line":41,"column":6}},"14":{"start":{"line":25,"column":27},"end":{"line":39,"column":9}},"15":{"start":{"line":44,"column":2},"end":{"line":44,"column":65}},"16":{"start":{"line":48,"column":16},"end":{"line":54,"column":3}},"17":{"start":{"line":55,"column":2},"end":{"line":55,"column":36}},"18":{"start":{"line":59,"column":12},"end":{"line":59,"column":29}},"19":{"start":{"line":60,"column":2},"end":{"line":60,"column":79}},"20":{"start":{"line":64,"column":14},"end":{"line":64,"column":24}},"21":{"start":{"line":65,"column":12},"end":{"line":65,"column":29}},"22":{"start":{"line":66,"column":2},"end":{"line":66,"column":17}},"23":{"start":{"line":70,"column":16},"end":{"line":70,"column":26}},"24":{"start":{"line":71,"column":12},"end":{"line":71,"column":29}},"25":{"start":{"line":72,"column":2},"end":{"line":72,"column":26}},"26":{"start":{"line":73,"column":2},"end":{"line":73,"column":22}},"27":{"start":{"line":74,"column":2},"end":{"line":74,"column":41}},"28":{"start":{"line":78,"column":16},"end":{"line":78,"column":26}},"29":{"start":{"line":79,"column":17},"end":{"line":79,"column":34}},"30":{"start":{"line":81,"column":2},"end":{"line":81,"column":26}},"31":{"start":{"line":82,"column":2},"end":{"line":82,"column":27}},"32":{"start":{"line":83,"column":19},"end":{"line":83,"column":65}},"33":{"start":{"line":84,"column":2},"end":{"line":84,"column":35}},"34":{"start":{"line":84,"column":22},"end":{"line":84,"column":35}},"35":{"start":{"line":85,"column":2},"end":{"line":85,"column":38}},"36":{"start":{"line":85,"column":22},"end":{"line":85,"column":38}},"37":{"start":{"line":86,"column":2},"end":{"line":86,"column":37}},"38":{"start":{"line":86,"column":23},"end":{"line":86,"column":37}},"39":{"start":{"line":88,"column":2},"end":{"line":88,"column":29}},"40":{"start":{"line":92,"column":17},"end":{"line":92,"column":58}},"41":{"start":{"line":93,"column":16},"end":{"line":93,"column":26}},"42":{"start":{"line":94,"column":19},"end":{"line":103,"column":3}},"43":{"start":{"line":94,"column":50},"end":{"line":94,"column":61}},"44":{"start":{"line":106,"column":2},"end":{"line":106,"column":64}},"45":{"start":{"line":107,"column":2},"end":{"line":107,"column":66}},"46":{"start":{"line":108,"column":2},"end":{"line":108,"column":62}},"47":{"start":{"line":109,"column":2},"end":{"line":109,"column":62}},"48":{"start":{"line":110,"column":2},"end":{"line":110,"column":75}},"49":{"start":{"line":111,"column":2},"end":{"line":111,"column":70}},"50":{"start":{"line":112,"column":2},"end":{"line":112,"column":64}},"51":{"start":{"line":115,"column":21},"end":{"line":115,"column":58}},"52":{"start":{"line":116,"column":2},"end":{"line":118,"column":13}},"53":{"start":{"line":117,"column":4},"end":{"line":117,"column":64}},"54":{"start":{"line":119,"column":2},"end":{"line":119,"column":35}},"55":{"start":{"line":122,"column":2},"end":{"line":122,"column":80}},"56":{"start":{"line":125,"column":2},"end":{"line":149,"column":4}},"57":{"start":{"line":126,"column":4},"end":{"line":126,"column":23}},"58":{"start":{"line":127,"column":24},"end":{"line":136,"column":5}},"59":{"start":{"line":138,"column":18},"end":{"line":138,"column":61}},"60":{"start":{"line":138,"column":49},"end":{"line":138,"column":60}},"61":{"start":{"line":139,"column":4},"end":{"line":143,"column":5}},"62":{"start":{"line":140,"column":6},"end":{"line":140,"column":43}},"63":{"start":{"line":142,"column":6},"end":{"line":142,"column":40}},"64":{"start":{"line":145,"column":4},"end":{"line":145,"column":20}},"65":{"start":{"line":146,"column":4},"end":{"line":146,"column":22}},"66":{"start":{"line":147,"column":4},"end":{"line":147,"column":19}},"67":{"start":{"line":148,"column":4},"end":{"line":148,"column":71}},"68":{"start":{"line":151,"column":2},"end":{"line":151,"column":21}},"69":{"start":{"line":155,"column":2},"end":{"line":162,"column":3}},"70":{"start":{"line":156,"column":18},"end":{"line":156,"column":28}},"71":{"start":{"line":157,"column":4},"end":{"line":157,"column":63}},"72":{"start":{"line":157,"column":50},"end":{"line":157,"column":61}},"73":{"start":{"line":158,"column":4},"end":{"line":158,"column":20}},"74":{"start":{"line":159,"column":4},"end":{"line":159,"column":22}},"75":{"start":{"line":160,"column":4},"end":{"line":160,"column":54}},"76":{"start":{"line":161,"column":4},"end":{"line":161,"column":40}},"77":{"start":{"line":167,"column":2},"end":{"line":167,"column":93}},"78":{"start":{"line":167,"column":77},"end":{"line":167,"column":91}},"79":{"start":{"line":168,"column":2},"end":{"line":168,"column":126}},"80":{"start":{"line":168,"column":75},"end":{"line":168,"column":124}},"81":{"start":{"line":169,"column":2},"end":{"line":172,"column":5}},"82":{"start":{"line":170,"column":15},"end":{"line":170,"column":64}},"83":{"start":{"line":171,"column":4},"end":{"line":171,"column":23}},"84":{"start":{"line":175,"column":2},"end":{"line":175,"column":20}},"85":{"start":{"line":179,"column":0},"end":{"line":179,"column":35}},"86":{"start":{"line":180,"column":0},"end":{"line":180,"column":39}}},"fnMap":{"0":{"name":"renderReminders","decl":{"start":{"line":3,"column":16},"end":{"line":3,"column":31}},"loc":{"start":{"line":3,"column":34},"end":{"line":45,"column":1}},"line":3},"1":{"name":"(anonymous_1)","decl":{"start":{"line":9,"column":20},"end":{"line":9,"column":21}},"loc":{"start":{"line":9,"column":27},"end":{"line":13,"column":3}},"line":9},"2":{"name":"(anonymous_2)","decl":{"start":{"line":15,"column":46},"end":{"line":15,"column":47}},"loc":{"start":{"line":15,"column":55},"end":{"line":15,"column":79}},"line":15},"3":{"name":"(anonymous_3)","decl":{"start":{"line":17,"column":18},"end":{"line":17,"column":19}},"loc":{"start":{"line":17,"column":37},"end":{"line":42,"column":3}},"line":17},"4":{"name":"(anonymous_4)","decl":{"start":{"line":25,"column":20},"end":{"line":25,"column":21}},"loc":{"start":{"line":25,"column":27},"end":{"line":39,"column":9}},"line":25},"5":{"name":"getReminderIcon","decl":{"start":{"line":47,"column":9},"end":{"line":47,"column":24}},"loc":{"start":{"line":47,"column":31},"end":{"line":56,"column":1}},"line":47},"6":{"name":"formatTime","decl":{"start":{"line":58,"column":9},"end":{"line":58,"column":19}},"loc":{"start":{"line":58,"column":29},"end":{"line":61,"column":1}},"line":58},"7":{"name":"isPast","decl":{"start":{"line":63,"column":9},"end":{"line":63,"column":15}},"loc":{"start":{"line":63,"column":25},"end":{"line":67,"column":1}},"line":63},"8":{"name":"isToday","decl":{"start":{"line":69,"column":9},"end":{"line":69,"column":16}},"loc":{"start":{"line":69,"column":26},"end":{"line":75,"column":1}},"line":69},"9":{"name":"relativeDateLabel","decl":{"start":{"line":77,"column":9},"end":{"line":77,"column":26}},"loc":{"start":{"line":77,"column":36},"end":{"line":89,"column":1}},"line":77},"10":{"name":"editReminder","decl":{"start":{"line":91,"column":16},"end":{"line":91,"column":28}},"loc":{"start":{"line":91,"column":33},"end":{"line":152,"column":1}},"line":91},"11":{"name":"(anonymous_11)","decl":{"start":{"line":94,"column":45},"end":{"line":94,"column":46}},"loc":{"start":{"line":94,"column":50},"end":{"line":94,"column":61}},"line":94},"12":{"name":"(anonymous_12)","decl":{"start":{"line":116,"column":41},"end":{"line":116,"column":42}},"loc":{"start":{"line":117,"column":4},"end":{"line":117,"column":64}},"line":117},"13":{"name":"(anonymous_13)","decl":{"start":{"line":125,"column":20},"end":{"line":125,"column":21}},"loc":{"start":{"line":125,"column":27},"end":{"line":149,"column":3}},"line":125},"14":{"name":"(anonymous_14)","decl":{"start":{"line":138,"column":44},"end":{"line":138,"column":45}},"loc":{"start":{"line":138,"column":49},"end":{"line":138,"column":60}},"line":138},"15":{"name":"deleteReminder","decl":{"start":{"line":154,"column":16},"end":{"line":154,"column":30}},"loc":{"start":{"line":154,"column":35},"end":{"line":163,"column":1}},"line":154},"16":{"name":"(anonymous_16)","decl":{"start":{"line":157,"column":45},"end":{"line":157,"column":46}},"loc":{"start":{"line":157,"column":50},"end":{"line":157,"column":61}},"line":157},"17":{"name":"initReminders","decl":{"start":{"line":165,"column":16},"end":{"line":165,"column":29}},"loc":{"start":{"line":165,"column":32},"end":{"line":176,"column":1}},"line":165},"18":{"name":"(anonymous_18)","decl":{"start":{"line":167,"column":71},"end":{"line":167,"column":72}},"loc":{"start":{"line":167,"column":77},"end":{"line":167,"column":91}},"line":167},"19":{"name":"(anonymous_19)","decl":{"start":{"line":168,"column":69},"end":{"line":168,"column":70}},"loc":{"start":{"line":168,"column":75},"end":{"line":168,"column":124}},"line":168},"20":{"name":"(anonymous_20)","decl":{"start":{"line":169,"column":69},"end":{"line":169,"column":70}},"loc":{"start":{"line":169,"column":75},"end":{"line":172,"column":3}},"line":169}},"branchMap":{"0":{"loc":{"start":{"line":11,"column":4},"end":{"line":11,"column":41}},"type":"if","locations":[{"start":{"line":11,"column":4},"end":{"line":11,"column":41}},{"start":{},"end":{}}],"line":11},"1":{"loc":{"start":{"line":26,"column":38},"end":{"line":26,"column":101}},"type":"cond-expr","locations":[{"start":{"line":26,"column":87},"end":{"line":26,"column":96}},{"start":{"line":26,"column":99},"end":{"line":26,"column":101}}],"line":26},"2":{"loc":{"start":{"line":26,"column":38},"end":{"line":26,"column":84}},"type":"binary-expr","locations":[{"start":{"line":26,"column":38},"end":{"line":26,"column":54}},{"start":{"line":26,"column":58},"end":{"line":26,"column":84}}],"line":26},"3":{"loc":{"start":{"line":30,"column":81},"end":{"line":30,"column":207}},"type":"cond-expr","locations":[{"start":{"line":30,"column":151},"end":{"line":30,"column":202}},{"start":{"line":30,"column":205},"end":{"line":30,"column":207}}],"line":30},"4":{"loc":{"start":{"line":30,"column":81},"end":{"line":30,"column":148}},"type":"binary-expr","locations":[{"start":{"line":30,"column":81},"end":{"line":30,"column":98}},{"start":{"line":30,"column":102},"end":{"line":30,"column":118}},{"start":{"line":30,"column":122},"end":{"line":30,"column":148}}],"line":30},"5":{"loc":{"start":{"line":55,"column":9},"end":{"line":55,"column":35}},"type":"binary-expr","locations":[{"start":{"line":55,"column":9},"end":{"line":55,"column":20}},{"start":{"line":55,"column":24},"end":{"line":55,"column":35}}],"line":55},"6":{"loc":{"start":{"line":84,"column":2},"end":{"line":84,"column":35}},"type":"if","locations":[{"start":{"line":84,"column":2},"end":{"line":84,"column":35}},{"start":{},"end":{}}],"line":84},"7":{"loc":{"start":{"line":85,"column":2},"end":{"line":85,"column":38}},"type":"if","locations":[{"start":{"line":85,"column":2},"end":{"line":85,"column":38}},{"start":{},"end":{}}],"line":85},"8":{"loc":{"start":{"line":86,"column":2},"end":{"line":86,"column":37}},"type":"if","locations":[{"start":{"line":86,"column":2},"end":{"line":86,"column":37}},{"start":{},"end":{}}],"line":86},"9":{"loc":{"start":{"line":94,"column":19},"end":{"line":103,"column":3}},"type":"cond-expr","locations":[{"start":{"line":94,"column":24},"end":{"line":94,"column":62}},{"start":{"line":94,"column":65},"end":{"line":103,"column":3}}],"line":94},"10":{"loc":{"start":{"line":122,"column":58},"end":{"line":122,"column":79}},"type":"cond-expr","locations":[{"start":{"line":122,"column":63},"end":{"line":122,"column":70}},{"start":{"line":122,"column":73},"end":{"line":122,"column":79}}],"line":122},"11":{"loc":{"start":{"line":139,"column":4},"end":{"line":143,"column":5}},"type":"if","locations":[{"start":{"line":139,"column":4},"end":{"line":143,"column":5}},{"start":{"line":141,"column":11},"end":{"line":143,"column":5}}],"line":139},"12":{"loc":{"start":{"line":148,"column":14},"end":{"line":148,"column":69}},"type":"cond-expr","locations":[{"start":{"line":148,"column":19},"end":{"line":148,"column":45}},{"start":{"line":148,"column":48},"end":{"line":148,"column":69}}],"line":148},"13":{"loc":{"start":{"line":155,"column":2},"end":{"line":162,"column":3}},"type":"if","locations":[{"start":{"line":155,"column":2},"end":{"line":162,"column":3}},{"start":{},"end":{}}],"line":155}},"s":{"0":0,"1":0,"2":0,"3":0,"4":0,"5":0,"6":0,"7":0,"8":0,"9":0,"10":0,"11":0,"12":0,"13":0,"14":0,"15":0,"16":0,"17":0,"18":0,"19":0,"20":0,"21":0,"22":0,"23":0,"24":0,"25":0,"26":0,"27":0,"28":0,"29":0,"30":0,"31":0,"32":0,"33":0,"34":0,"35":0,"36":0,"37":0,"38":0,"39":0,"40":0,"41":0,"42":0,"43":0,"44":0,"45":0,"46":0,"47":0,"48":0,"49":0,"50":0,"51":0,"52":0,"53":0,"54":0,"55":0,"56":0,"57":0,"58":0,"59":0,"60":0,"61":0,"62":0,"63":0,"64":0,"65":0,"66":0,"67":0,"68":0,"69":0,"70":0,"71":0,"72":0,"73":0,"74":0,"75":0,"76":0,"77":0,"78":0,"79":0,"80":0,"81":0,"82":0,"83":0,"84":0,"85":0,"86":0},"f":{"0":0,"1":0,"2":0,"3":0,"4":0,"5":0,"6":0,"7":0,"8":0,"9":0,"10":0,"11":0,"12":0,"13":0,"14":0,"15":0,"16":0,"17":0,"18":0,"19":0,"20":0},"b":{"0":[0,0],"1":[0,0],"2":[0,0],"3":[0,0],"4":[0,0,0],"5":[0,0],"6":[0,0],"7":[0,0],"8":[0,0],"9":[0,0],"10":[0,0],"11":[0,0],"12":[0,0],"13":[0,0]}}
,"/workspaces/crm-b2b/js/templates.js": {"path":"/workspaces/crm-b2b/js/templates.js","statementMap":{"0":{"start":{"line":4,"column":16},"end":{"line":4,"column":26}},"1":{"start":{"line":5,"column":19},"end":{"line":5,"column":63}},"2":{"start":{"line":6,"column":20},"end":{"line":6,"column":51}},"3":{"start":{"line":8,"column":13},"end":{"line":8,"column":15}},"4":{"start":{"line":9,"column":2},"end":{"line":18,"column":5}},"5":{"start":{"line":10,"column":4},"end":{"line":17,"column":6}},"6":{"start":{"line":20,"column":2},"end":{"line":20,"column":54}},"7":{"start":{"line":24,"column":19},"end":{"line":24,"column":63}},"8":{"start":{"line":25,"column":15},"end":{"line":25,"column":63}},"9":{"start":{"line":27,"column":2},"end":{"line":30,"column":3}},"10":{"start":{"line":28,"column":4},"end":{"line":28,"column":51}},"11":{"start":{"line":29,"column":4},"end":{"line":29,"column":11}},"12":{"start":{"line":32,"column":2},"end":{"line":35,"column":3}},"13":{"start":{"line":33,"column":4},"end":{"line":33,"column":48}},"14":{"start":{"line":34,"column":4},"end":{"line":34,"column":11}},"15":{"start":{"line":37,"column":16},"end":{"line":37,"column":26}},"16":{"start":{"line":38,"column":2},"end":{"line":40,"column":3}},"17":{"start":{"line":39,"column":4},"end":{"line":39,"column":35}},"18":{"start":{"line":42,"column":2},"end":{"line":42,"column":39}},"19":{"start":{"line":43,"column":2},"end":{"line":43,"column":18}},"20":{"start":{"line":45,"column":2},"end":{"line":45,"column":49}},"21":{"start":{"line":46,"column":2},"end":{"line":46,"column":34}},"22":{"start":{"line":47,"column":2},"end":{"line":47,"column":20}},"23":{"start":{"line":51,"column":2},"end":{"line":60,"column":3}},"24":{"start":{"line":52,"column":18},"end":{"line":52,"column":28}},"25":{"start":{"line":53,"column":4},"end":{"line":53,"column":47}},"26":{"start":{"line":54,"column":4},"end":{"line":56,"column":5}},"27":{"start":{"line":55,"column":6},"end":{"line":55,"column":39}},"28":{"start":{"line":57,"column":4},"end":{"line":57,"column":20}},"29":{"start":{"line":58,"column":4},"end":{"line":58,"column":37}},"30":{"start":{"line":59,"column":4},"end":{"line":59,"column":22}},"31":{"start":{"line":65,"column":2},"end":{"line":65,"column":86}},"32":{"start":{"line":66,"column":2},"end":{"line":66,"column":79}},"33":{"start":{"line":69,"column":2},"end":{"line":69,"column":20}},"34":{"start":{"line":73,"column":0},"end":{"line":73,"column":33}},"35":{"start":{"line":74,"column":0},"end":{"line":74,"column":39}}},"fnMap":{"0":{"name":"renderTemplates","decl":{"start":{"line":3,"column":16},"end":{"line":3,"column":31}},"loc":{"start":{"line":3,"column":34},"end":{"line":21,"column":1}},"line":3},"1":{"name":"(anonymous_1)","decl":{"start":{"line":9,"column":20},"end":{"line":9,"column":21}},"loc":{"start":{"line":9,"column":32},"end":{"line":18,"column":3}},"line":9},"2":{"name":"addTemplate","decl":{"start":{"line":23,"column":16},"end":{"line":23,"column":27}},"loc":{"start":{"line":23,"column":30},"end":{"line":48,"column":1}},"line":23},"3":{"name":"deleteTemplate","decl":{"start":{"line":50,"column":16},"end":{"line":50,"column":30}},"loc":{"start":{"line":50,"column":48},"end":{"line":61,"column":1}},"line":50},"4":{"name":"initTemplates","decl":{"start":{"line":63,"column":16},"end":{"line":63,"column":29}},"loc":{"start":{"line":63,"column":32},"end":{"line":70,"column":1}},"line":63}},"branchMap":{"0":{"loc":{"start":{"line":6,"column":20},"end":{"line":6,"column":51}},"type":"binary-expr","locations":[{"start":{"line":6,"column":20},"end":{"line":6,"column":45}},{"start":{"line":6,"column":49},"end":{"line":6,"column":51}}],"line":6},"1":{"loc":{"start":{"line":27,"column":2},"end":{"line":30,"column":3}},"type":"if","locations":[{"start":{"line":27,"column":2},"end":{"line":30,"column":3}},{"start":{},"end":{}}],"line":27},"2":{"loc":{"start":{"line":32,"column":2},"end":{"line":35,"column":3}},"type":"if","locations":[{"start":{"line":32,"column":2},"end":{"line":35,"column":3}},{"start":{},"end":{}}],"line":32},"3":{"loc":{"start":{"line":38,"column":2},"end":{"line":40,"column":3}},"type":"if","locations":[{"start":{"line":38,"column":2},"end":{"line":40,"column":3}},{"start":{},"end":{}}],"line":38},"4":{"loc":{"start":{"line":51,"column":2},"end":{"line":60,"column":3}},"type":"if","locations":[{"start":{"line":51,"column":2},"end":{"line":60,"column":3}},{"start":{},"end":{}}],"line":51},"5":{"loc":{"start":{"line":54,"column":4},"end":{"line":56,"column":5}},"type":"if","locations":[{"start":{"line":54,"column":4},"end":{"line":56,"column":5}},{"start":{},"end":{}}],"line":54}},"s":{"0":0,"1":0,"2":0,"3":0,"4":0,"5":0,"6":0,"7":0,"8":0,"9":0,"10":0,"11":0,"12":0,"13":0,"14":0,"15":0,"16":0,"17":0,"18":0,"19":0,"20":0,"21":0,"22":0,"23":0,"24":0,"25":0,"26":0,"27":0,"28":0,"29":0,"30":0,"31":0,"32":0,"33":0,"34":0,"35":0},"f":{"0":0,"1":0,"2":0,"3":0,"4":0},"b":{"0":[0,0],"1":[0,0],"2":[0,0],"3":[0,0],"4":[0,0],"5":[0,0]}}
,"/workspaces/crm-b2b/js/whatsapp-auto-sender.js": {"path":"/workspaces/crm-b2b/js/whatsapp-auto-sender.js","statementMap":{},"fnMap":{},"branchMap":{},"s":{},"f":{},"b":{}}
,"/workspaces/crm-b2b/js/whatsapp-bookmarklet.js": {"path":"/workspaces/crm-b2b/js/whatsapp-bookmarklet.js","statementMap":{},"fnMap":{},"branchMap":{},"s":{},"f":{},"b":{}}
,"/workspaces/crm-b2b/js/whatsapp-integration.js": {"path":"/workspaces/crm-b2b/js/whatsapp-integration.js","statementMap":{"0":{"start":{"line":6,"column":2},"end":{"line":6,"column":101}},"1":{"start":{"line":7,"column":4},"end":{"line":7,"column":29}},"2":{"start":{"line":8,"column":4},"end":{"line":8,"column":30}},"3":{"start":{"line":13,"column":4},"end":{"line":22,"column":5}},"4":{"start":{"line":14,"column":19},"end":{"line":14,"column":90}},"5":{"start":{"line":15,"column":19},"end":{"line":15,"column":40}},"6":{"start":{"line":16,"column":6},"end":{"line":16,"column":44}},"7":{"start":{"line":17,"column":6},"end":{"line":17,"column":18}},"8":{"start":{"line":19,"column":6},"end":{"line":19,"column":62}},"9":{"start":{"line":20,"column":6},"end":{"line":20,"column":31}},"10":{"start":{"line":21,"column":6},"end":{"line":21,"column":56}},"11":{"start":{"line":27,"column":4},"end":{"line":35,"column":5}},"12":{"start":{"line":29,"column":19},"end":{"line":29,"column":90}},"13":{"start":{"line":30,"column":15},"end":{"line":30,"column":36}},"14":{"start":{"line":31,"column":2},"end":{"line":31,"column":14}},"15":{"start":{"line":33,"column":6},"end":{"line":33,"column":53}},"16":{"start":{"line":34,"column":6},"end":{"line":34,"column":51}},"17":{"start":{"line":40,"column":4},"end":{"line":65,"column":5}},"18":{"start":{"line":42,"column":18},"end":{"line":42,"column":74}},"19":{"start":{"line":43,"column":23},"end":{"line":53,"column":8}},"20":{"start":{"line":55,"column":19},"end":{"line":55,"column":40}},"21":{"start":{"line":57,"column":6},"end":{"line":61,"column":7}},"22":{"start":{"line":58,"column":8},"end":{"line":58,"column":39}},"23":{"start":{"line":60,"column":8},"end":{"line":60,"column":53}},"24":{"start":{"line":63,"column":6},"end":{"line":63,"column":53}},"25":{"start":{"line":64,"column":6},"end":{"line":64,"column":76}},"26":{"start":{"line":70,"column":4},"end":{"line":79,"column":5}},"27":{"start":{"line":71,"column":19},"end":{"line":73,"column":8}},"28":{"start":{"line":74,"column":19},"end":{"line":74,"column":40}},"29":{"start":{"line":75,"column":6},"end":{"line":75,"column":18}},"30":{"start":{"line":77,"column":6},"end":{"line":77,"column":57}},"31":{"start":{"line":78,"column":6},"end":{"line":78,"column":53}},"32":{"start":{"line":84,"column":18},"end":{"line":84,"column":47}},"33":{"start":{"line":85,"column":4},"end":{"line":85,"column":38}},"34":{"start":{"line":86,"column":4},"end":{"line":90,"column":6}},"35":{"start":{"line":92,"column":4},"end":{"line":120,"column":6}},"36":{"start":{"line":122,"column":4},"end":{"line":122,"column":37}},"37":{"start":{"line":125,"column":4},"end":{"line":125,"column":74}},"38":{"start":{"line":125,"column":58},"end":{"line":125,"column":73}},"39":{"start":{"line":126,"column":4},"end":{"line":126,"column":87}},"40":{"start":{"line":126,"column":63},"end":{"line":126,"column":86}},"41":{"start":{"line":127,"column":4},"end":{"line":127,"column":92}},"42":{"start":{"line":127,"column":59},"end":{"line":127,"column":91}},"43":{"start":{"line":130,"column":4},"end":{"line":130,"column":34}},"44":{"start":{"line":131,"column":4},"end":{"line":131,"column":20}},"45":{"start":{"line":134,"column":27},"end":{"line":143,"column":12}},"46":{"start":{"line":135,"column":6},"end":{"line":142,"column":7}},"47":{"start":{"line":136,"column":8},"end":{"line":136,"column":38}},"48":{"start":{"line":137,"column":8},"end":{"line":139,"column":9}},"49":{"start":{"line":138,"column":10},"end":{"line":138,"column":26}},"50":{"start":{"line":141,"column":8},"end":{"line":141,"column":38}},"51":{"start":{"line":148,"column":22},"end":{"line":148,"column":66}},"52":{"start":{"line":149,"column":4},"end":{"line":149,"column":27}},"53":{"start":{"line":149,"column":20},"end":{"line":149,"column":27}},"54":{"start":{"line":151,"column":19},"end":{"line":151,"column":43}},"55":{"start":{"line":153,"column":4},"end":{"line":163,"column":5}},"56":{"start":{"line":154,"column":6},"end":{"line":154,"column":80}},"57":{"start":{"line":155,"column":6},"end":{"line":155,"column":45}},"58":{"start":{"line":156,"column":6},"end":{"line":156,"column":40}},"59":{"start":{"line":157,"column":6},"end":{"line":157,"column":69}},"60":{"start":{"line":159,"column":6},"end":{"line":159,"column":84}},"61":{"start":{"line":160,"column":6},"end":{"line":160,"column":45}},"62":{"start":{"line":161,"column":6},"end":{"line":161,"column":40}},"63":{"start":{"line":162,"column":6},"end":{"line":162,"column":70}},"64":{"start":{"line":168,"column":20},"end":{"line":168,"column":55}},"65":{"start":{"line":169,"column":4},"end":{"line":169,"column":25}},"66":{"start":{"line":169,"column":18},"end":{"line":169,"column":25}},"67":{"start":{"line":171,"column":19},"end":{"line":171,"column":41}},"68":{"start":{"line":173,"column":4},"end":{"line":177,"column":5}},"69":{"start":{"line":174,"column":6},"end":{"line":174,"column":30}},"70":{"start":{"line":175,"column":11},"end":{"line":177,"column":5}},"71":{"start":{"line":176,"column":6},"end":{"line":176,"column":69}},"72":{"start":{"line":182,"column":22},"end":{"line":182,"column":66}},"73":{"start":{"line":183,"column":4},"end":{"line":183,"column":62}},"74":{"start":{"line":184,"column":4},"end":{"line":184,"column":43}},"75":{"start":{"line":185,"column":4},"end":{"line":185,"column":38}},"76":{"start":{"line":187,"column":4},"end":{"line":187,"column":25}},"77":{"start":{"line":189,"column":4},"end":{"line":192,"column":13}},"78":{"start":{"line":190,"column":6},"end":{"line":190,"column":36}},"79":{"start":{"line":191,"column":6},"end":{"line":191,"column":22}},"80":{"start":{"line":198,"column":0},"end":{"line":202,"column":1}},"81":{"start":{"line":199,"column":2},"end":{"line":199,"column":39}},"82":{"start":{"line":201,"column":2},"end":{"line":201,"column":29}},"83":{"start":{"line":206,"column":2},"end":{"line":248,"column":3}},"84":{"start":{"line":208,"column":19},"end":{"line":208,"column":47}},"85":{"start":{"line":210,"column":4},"end":{"line":218,"column":5}},"86":{"start":{"line":211,"column":6},"end":{"line":211,"column":98}},"87":{"start":{"line":212,"column":6},"end":{"line":212,"column":48}},"88":{"start":{"line":213,"column":6},"end":{"line":213,"column":70}},"89":{"start":{"line":214,"column":26},"end":{"line":214,"column":199}},"90":{"start":{"line":215,"column":2},"end":{"line":215,"column":68}},"91":{"start":{"line":216,"column":6},"end":{"line":216,"column":69}},"92":{"start":{"line":217,"column":6},"end":{"line":217,"column":13}},"93":{"start":{"line":220,"column":18},"end":{"line":220,"column":65}},"94":{"start":{"line":222,"column":4},"end":{"line":225,"column":5}},"95":{"start":{"line":223,"column":6},"end":{"line":223,"column":68}},"96":{"start":{"line":224,"column":6},"end":{"line":224,"column":13}},"97":{"start":{"line":227,"column":20},"end":{"line":233,"column":9}},"98":{"start":{"line":235,"column":4},"end":{"line":235,"column":61}},"99":{"start":{"line":237,"column":19},"end":{"line":237,"column":79}},"100":{"start":{"line":239,"column":4},"end":{"line":244,"column":5}},"101":{"start":{"line":240,"column":6},"end":{"line":240,"column":81}},"102":{"start":{"line":242,"column":6},"end":{"line":242,"column":53}},"103":{"start":{"line":243,"column":6},"end":{"line":243,"column":48}},"104":{"start":{"line":246,"column":4},"end":{"line":246,"column":63}},"105":{"start":{"line":247,"column":4},"end":{"line":247,"column":97}},"106":{"start":{"line":252,"column":0},"end":{"line":254,"column":1}},"107":{"start":{"line":253,"column":2},"end":{"line":253,"column":65}},"108":{"start":{"line":257,"column":0},"end":{"line":259,"column":1}},"109":{"start":{"line":258,"column":2},"end":{"line":258,"column":109}}},"fnMap":{"0":{"name":"(anonymous_0)","decl":{"start":{"line":3,"column":2},"end":{"line":3,"column":3}},"loc":{"start":{"line":3,"column":16},"end":{"line":9,"column":3}},"line":3},"1":{"name":"(anonymous_1)","decl":{"start":{"line":12,"column":2},"end":{"line":12,"column":3}},"loc":{"start":{"line":12,"column":22},"end":{"line":23,"column":3}},"line":12},"2":{"name":"(anonymous_2)","decl":{"start":{"line":26,"column":2},"end":{"line":26,"column":3}},"loc":{"start":{"line":26,"column":20},"end":{"line":36,"column":3}},"line":26},"3":{"name":"(anonymous_3)","decl":{"start":{"line":39,"column":2},"end":{"line":39,"column":3}},"loc":{"start":{"line":39,"column":54},"end":{"line":66,"column":3}},"line":39},"4":{"name":"(anonymous_4)","decl":{"start":{"line":69,"column":2},"end":{"line":69,"column":3}},"loc":{"start":{"line":69,"column":18},"end":{"line":80,"column":3}},"line":69},"5":{"name":"(anonymous_5)","decl":{"start":{"line":83,"column":2},"end":{"line":83,"column":3}},"loc":{"start":{"line":83,"column":19},"end":{"line":144,"column":3}},"line":83},"6":{"name":"(anonymous_6)","decl":{"start":{"line":125,"column":52},"end":{"line":125,"column":53}},"loc":{"start":{"line":125,"column":58},"end":{"line":125,"column":73}},"line":125},"7":{"name":"(anonymous_7)","decl":{"start":{"line":126,"column":57},"end":{"line":126,"column":58}},"loc":{"start":{"line":126,"column":63},"end":{"line":126,"column":86}},"line":126},"8":{"name":"(anonymous_8)","decl":{"start":{"line":127,"column":53},"end":{"line":127,"column":54}},"loc":{"start":{"line":127,"column":59},"end":{"line":127,"column":91}},"line":127},"9":{"name":"(anonymous_9)","decl":{"start":{"line":134,"column":39},"end":{"line":134,"column":40}},"loc":{"start":{"line":134,"column":45},"end":{"line":143,"column":5}},"line":134},"10":{"name":"(anonymous_10)","decl":{"start":{"line":147,"column":2},"end":{"line":147,"column":3}},"loc":{"start":{"line":147,"column":33},"end":{"line":164,"column":3}},"line":147},"11":{"name":"(anonymous_11)","decl":{"start":{"line":167,"column":2},"end":{"line":167,"column":3}},"loc":{"start":{"line":167,"column":19},"end":{"line":178,"column":3}},"line":167},"12":{"name":"(anonymous_12)","decl":{"start":{"line":181,"column":2},"end":{"line":181,"column":3}},"loc":{"start":{"line":181,"column":27},"end":{"line":193,"column":3}},"line":181},"13":{"name":"(anonymous_13)","decl":{"start":{"line":189,"column":15},"end":{"line":189,"column":16}},"loc":{"start":{"line":189,"column":21},"end":{"line":192,"column":5}},"line":189},"14":{"name":"sendWhatsAppFromPipelineImpl","decl":{"start":{"line":205,"column":15},"end":{"line":205,"column":43}},"loc":{"start":{"line":205,"column":50},"end":{"line":249,"column":1}},"line":205}},"branchMap":{"0":{"loc":{"start":{"line":6,"column":19},"end":{"line":6,"column":100}},"type":"cond-expr","locations":[{"start":{"line":6,"column":54},"end":{"line":6,"column":74}},{"start":{"line":6,"column":77},"end":{"line":6,"column":100}}],"line":6},"1":{"loc":{"start":{"line":6,"column":20},"end":{"line":6,"column":50}},"type":"binary-expr","locations":[{"start":{"line":6,"column":20},"end":{"line":6,"column":26}},{"start":{"line":6,"column":30},"end":{"line":6,"column":50}}],"line":6},"2":{"loc":{"start":{"line":39,"column":36},"end":{"line":39,"column":52}},"type":"default-arg","locations":[{"start":{"line":39,"column":50},"end":{"line":39,"column":52}}],"line":39},"3":{"loc":{"start":{"line":57,"column":6},"end":{"line":61,"column":7}},"type":"if","locations":[{"start":{"line":57,"column":6},"end":{"line":61,"column":7}},{"start":{"line":59,"column":13},"end":{"line":61,"column":7}}],"line":57},"4":{"loc":{"start":{"line":135,"column":6},"end":{"line":142,"column":7}},"type":"if","locations":[{"start":{"line":135,"column":6},"end":{"line":142,"column":7}},{"start":{"line":140,"column":13},"end":{"line":142,"column":7}}],"line":135},"5":{"loc":{"start":{"line":137,"column":8},"end":{"line":139,"column":9}},"type":"if","locations":[{"start":{"line":137,"column":8},"end":{"line":139,"column":9}},{"start":{},"end":{}}],"line":137},"6":{"loc":{"start":{"line":149,"column":4},"end":{"line":149,"column":27}},"type":"if","locations":[{"start":{"line":149,"column":4},"end":{"line":149,"column":27}},{"start":{},"end":{}}],"line":149},"7":{"loc":{"start":{"line":153,"column":4},"end":{"line":163,"column":5}},"type":"if","locations":[{"start":{"line":153,"column":4},"end":{"line":163,"column":5}},{"start":{"line":158,"column":11},"end":{"line":163,"column":5}}],"line":153},"8":{"loc":{"start":{"line":169,"column":4},"end":{"line":169,"column":25}},"type":"if","locations":[{"start":{"line":169,"column":4},"end":{"line":169,"column":25}},{"start":{},"end":{}}],"line":169},"9":{"loc":{"start":{"line":173,"column":4},"end":{"line":177,"column":5}},"type":"if","locations":[{"start":{"line":173,"column":4},"end":{"line":177,"column":5}},{"start":{"line":175,"column":11},"end":{"line":177,"column":5}}],"line":173},"10":{"loc":{"start":{"line":175,"column":11},"end":{"line":177,"column":5}},"type":"if","locations":[{"start":{"line":175,"column":11},"end":{"line":177,"column":5}},{"start":{},"end":{}}],"line":175},"11":{"loc":{"start":{"line":198,"column":0},"end":{"line":202,"column":1}},"type":"if","locations":[{"start":{"line":198,"column":0},"end":{"line":202,"column":1}},{"start":{},"end":{}}],"line":198},"12":{"loc":{"start":{"line":210,"column":4},"end":{"line":218,"column":5}},"type":"if","locations":[{"start":{"line":210,"column":4},"end":{"line":218,"column":5}},{"start":{},"end":{}}],"line":210},"13":{"loc":{"start":{"line":214,"column":26},"end":{"line":214,"column":199}},"type":"cond-expr","locations":[{"start":{"line":214,"column":74},"end":{"line":214,"column":92}},{"start":{"line":214,"column":96},"end":{"line":214,"column":198}}],"line":214},"14":{"loc":{"start":{"line":214,"column":27},"end":{"line":214,"column":70}},"type":"binary-expr","locations":[{"start":{"line":214,"column":27},"end":{"line":214,"column":58}},{"start":{"line":214,"column":62},"end":{"line":214,"column":70}}],"line":214},"15":{"loc":{"start":{"line":214,"column":96},"end":{"line":214,"column":198}},"type":"cond-expr","locations":[{"start":{"line":214,"column":152},"end":{"line":214,"column":172}},{"start":{"line":214,"column":175},"end":{"line":214,"column":198}}],"line":214},"16":{"loc":{"start":{"line":214,"column":96},"end":{"line":214,"column":149}},"type":"binary-expr","locations":[{"start":{"line":214,"column":96},"end":{"line":214,"column":125}},{"start":{"line":214,"column":129},"end":{"line":214,"column":149}}],"line":214},"17":{"loc":{"start":{"line":220,"column":18},"end":{"line":220,"column":65}},"type":"cond-expr","locations":[{"start":{"line":220,"column":31},"end":{"line":220,"column":60}},{"start":{"line":220,"column":63},"end":{"line":220,"column":65}}],"line":220},"18":{"loc":{"start":{"line":222,"column":4},"end":{"line":225,"column":5}},"type":"if","locations":[{"start":{"line":222,"column":4},"end":{"line":225,"column":5}},{"start":{},"end":{}}],"line":222},"19":{"loc":{"start":{"line":227,"column":28},"end":{"line":227,"column":60}},"type":"binary-expr","locations":[{"start":{"line":227,"column":28},"end":{"line":227,"column":44}},{"start":{"line":227,"column":48},"end":{"line":227,"column":60}}],"line":227},"20":{"loc":{"start":{"line":229,"column":83},"end":{"line":229,"column":115}},"type":"binary-expr","locations":[{"start":{"line":229,"column":83},"end":{"line":229,"column":99}},{"start":{"line":229,"column":103},"end":{"line":229,"column":115}}],"line":229},"21":{"loc":{"start":{"line":239,"column":4},"end":{"line":244,"column":5}},"type":"if","locations":[{"start":{"line":239,"column":4},"end":{"line":244,"column":5}},{"start":{"line":241,"column":11},"end":{"line":244,"column":5}}],"line":239},"22":{"loc":{"start":{"line":252,"column":0},"end":{"line":254,"column":1}},"type":"if","locations":[{"start":{"line":252,"column":0},"end":{"line":254,"column":1}},{"start":{},"end":{}}],"line":252},"23":{"loc":{"start":{"line":257,"column":0},"end":{"line":259,"column":1}},"type":"if","locations":[{"start":{"line":257,"column":0},"end":{"line":259,"column":1}},{"start":{},"end":{}}],"line":257},"24":{"loc":{"start":{"line":257,"column":4},"end":{"line":257,"column":51}},"type":"binary-expr","locations":[{"start":{"line":257,"column":4},"end":{"line":257,"column":33}},{"start":{"line":257,"column":37},"end":{"line":257,"column":51}}],"line":257}},"s":{"0":0,"1":0,"2":0,"3":0,"4":0,"5":0,"6":0,"7":0,"8":0,"9":0,"10":0,"11":0,"12":0,"13":0,"14":0,"15":0,"16":0,"17":0,"18":0,"19":0,"20":0,"21":0,"22":0,"23":0,"24":0,"25":0,"26":0,"27":0,"28":0,"29":0,"30":0,"31":0,"32":0,"33":0,"34":0,"35":0,"36":0,"37":0,"38":0,"39":0,"40":0,"41":0,"42":0,"43":0,"44":0,"45":0,"46":0,"47":0,"48":0,"49":0,"50":0,"51":0,"52":0,"53":0,"54":0,"55":0,"56":0,"57":0,"58":0,"59":0,"60":0,"61":0,"62":0,"63":0,"64":0,"65":0,"66":0,"67":0,"68":0,"69":0,"70":0,"71":0,"72":0,"73":0,"74":0,"75":0,"76":0,"77":0,"78":0,"79":0,"80":0,"81":0,"82":0,"83":0,"84":0,"85":0,"86":0,"87":0,"88":0,"89":0,"90":0,"91":0,"92":0,"93":0,"94":0,"95":0,"96":0,"97":0,"98":0,"99":0,"100":0,"101":0,"102":0,"103":0,"104":0,"105":0,"106":0,"107":0,"108":0,"109":0},"f":{"0":0,"1":0,"2":0,"3":0,"4":0,"5":0,"6":0,"7":0,"8":0,"9":0,"10":0,"11":0,"12":0,"13":0,"14":0},"b":{"0":[0,0],"1":[0,0],"2":[0],"3":[0,0],"4":[0,0],"5":[0,0],"6":[0,0],"7":[0,0],"8":[0,0],"9":[0,0],"10":[0,0],"11":[0,0],"12":[0,0],"13":[0,0],"14":[0,0],"15":[0,0],"16":[0,0],"17":[0,0],"18":[0,0],"19":[0,0],"20":[0,0],"21":[0,0],"22":[0,0],"23":[0,0],"24":[0,0]}}
,"/workspaces/crm-b2b/js/whatsapp-qr.js": {"path":"/workspaces/crm-b2b/js/whatsapp-qr.js","statementMap":{},"fnMap":{},"branchMap":{},"s":{},"f":{},"b":{}}
}
